Analysis & Synthesis report for Clock100MHz
Sat Feb 06 19:10:32 2021
Quartus Prime Version 20.1.0 Build 711 06/05/2020 SJ Lite Edition


---------------------
; Table of Contents ;
---------------------
  1. Legal Notice
  2. Analysis & Synthesis Summary
  3. Analysis & Synthesis Settings
  4. Parallel Compilation
  5. Analysis & Synthesis Source Files Read
  6. Analysis & Synthesis Resource Usage Summary
  7. Analysis & Synthesis Resource Utilization by Entity
  8. Analysis & Synthesis IP Cores Summary
  9. User-Specified and Inferred Latches
 10. General Register Statistics
 11. Parameter Settings for User Entity Instance: pll100:pll1|altpll:altpll_component
 12. Parameter Settings for User Entity Instance: counter:c1|lpm_counter:LPM_COUNTER_component
 13. altpll Parameter Settings by Entity Instance
 14. Post-Synthesis Netlist Statistics for Top Partition
 15. Elapsed Time Per Partition
 16. Analysis & Synthesis Messages



----------------
; Legal Notice ;
----------------
Copyright (C) 2020  Intel Corporation. All rights reserved.
Your use of Intel Corporation's design tools, logic functions 
and other software and tools, and any partner logic 
functions, and any output files from any of the foregoing 
(including device programming or simulation files), and any 
associated documentation or information are expressly subject 
to the terms and conditions of the Intel Program License 
Subscription Agreement, the Intel Quartus Prime License Agreement,
the Intel FPGA IP License Agreement, or other applicable license
agreement, including, without limitation, that your use is for
the sole purpose of programming logic devices manufactured by
Intel and sold by Intel or its authorized distributors.  Please
refer to the applicable agreement for further details, at
https://fpgasoftware.intel.com/eula.



+----------------------------------------------------------------------------------+
; Analysis & Synthesis Summary                                                     ;
+------------------------------------+---------------------------------------------+
; Analysis & Synthesis Status        ; Successful - Sat Feb 06 19:10:31 2021       ;
; Quartus Prime Version              ; 20.1.0 Build 711 06/05/2020 SJ Lite Edition ;
; Revision Name                      ; Clock100MHz                                 ;
; Top-level Entity Name              ; Clock100MHz                                 ;
; Family                             ; MAX 10                                      ;
; Total logic elements               ; 47                                          ;
;     Total combinational functions  ; 47                                          ;
;     Dedicated logic registers      ; 27                                          ;
; Total registers                    ; 27                                          ;
; Total pins                         ; 108                                         ;
; Total virtual pins                 ; 0                                           ;
; Total memory bits                  ; 0                                           ;
; Embedded Multiplier 9-bit elements ; 0                                           ;
; Total PLLs                         ; 1                                           ;
; UFM blocks                         ; 0                                           ;
; ADC blocks                         ; 0                                           ;
+------------------------------------+---------------------------------------------+


+------------------------------------------------------------------------------------------------------------+
; Analysis & Synthesis Settings                                                                              ;
+------------------------------------------------------------------+--------------------+--------------------+
; Option                                                           ; Setting            ; Default Value      ;
+------------------------------------------------------------------+--------------------+--------------------+
; Device                                                           ; 10M50DAF484C6GES   ;                    ;
; Top-level entity name                                            ; Clock100MHz        ; Clock100MHz        ;
; Family name                                                      ; MAX 10 FPGA        ; Cyclone V          ;
; Use smart compilation                                            ; Off                ; Off                ;
; Enable parallel Assembler and Timing Analyzer during compilation ; On                 ; On                 ;
; Enable compact report table                                      ; Off                ; Off                ;
; Restructure Multiplexers                                         ; Auto               ; Auto               ;
; Create Debugging Nodes for IP Cores                              ; Off                ; Off                ;
; Preserve fewer node names                                        ; On                 ; On                 ;
; Intel FPGA IP Evaluation Mode                                    ; Enable             ; Enable             ;
; Verilog Version                                                  ; Verilog_2001       ; Verilog_2001       ;
; VHDL Version                                                     ; VHDL_1993          ; VHDL_1993          ;
; State Machine Processing                                         ; Auto               ; Auto               ;
; Safe State Machine                                               ; Off                ; Off                ;
; Extract Verilog State Machines                                   ; On                 ; On                 ;
; Extract VHDL State Machines                                      ; On                 ; On                 ;
; Ignore Verilog initial constructs                                ; Off                ; Off                ;
; Iteration limit for constant Verilog loops                       ; 5000               ; 5000               ;
; Iteration limit for non-constant Verilog loops                   ; 250                ; 250                ;
; Add Pass-Through Logic to Inferred RAMs                          ; On                 ; On                 ;
; Infer RAMs from Raw Logic                                        ; On                 ; On                 ;
; Parallel Synthesis                                               ; On                 ; On                 ;
; DSP Block Balancing                                              ; Auto               ; Auto               ;
; NOT Gate Push-Back                                               ; On                 ; On                 ;
; Power-Up Don't Care                                              ; On                 ; On                 ;
; Remove Redundant Logic Cells                                     ; Off                ; Off                ;
; Remove Duplicate Registers                                       ; On                 ; On                 ;
; Ignore CARRY Buffers                                             ; Off                ; Off                ;
; Ignore CASCADE Buffers                                           ; Off                ; Off                ;
; Ignore GLOBAL Buffers                                            ; Off                ; Off                ;
; Ignore ROW GLOBAL Buffers                                        ; Off                ; Off                ;
; Ignore LCELL Buffers                                             ; Off                ; Off                ;
; Ignore SOFT Buffers                                              ; On                 ; On                 ;
; Limit AHDL Integers to 32 Bits                                   ; Off                ; Off                ;
; Optimization Technique                                           ; Balanced           ; Balanced           ;
; Carry Chain Length                                               ; 70                 ; 70                 ;
; Auto Carry Chains                                                ; On                 ; On                 ;
; Auto Open-Drain Pins                                             ; On                 ; On                 ;
; Perform WYSIWYG Primitive Resynthesis                            ; Off                ; Off                ;
; Auto ROM Replacement                                             ; On                 ; On                 ;
; Auto RAM Replacement                                             ; On                 ; On                 ;
; Auto DSP Block Replacement                                       ; On                 ; On                 ;
; Auto Shift Register Replacement                                  ; Auto               ; Auto               ;
; Allow Shift Register Merging across Hierarchies                  ; Auto               ; Auto               ;
; Auto Clock Enable Replacement                                    ; On                 ; On                 ;
; Strict RAM Replacement                                           ; Off                ; Off                ;
; Allow Synchronous Control Signals                                ; On                 ; On                 ;
; Force Use of Synchronous Clear Signals                           ; Off                ; Off                ;
; Auto RAM Block Balancing                                         ; On                 ; On                 ;
; Auto RAM to Logic Cell Conversion                                ; Off                ; Off                ;
; Auto Resource Sharing                                            ; Off                ; Off                ;
; Allow Any RAM Size For Recognition                               ; Off                ; Off                ;
; Allow Any ROM Size For Recognition                               ; Off                ; Off                ;
; Allow Any Shift Register Size For Recognition                    ; Off                ; Off                ;
; Use LogicLock Constraints during Resource Balancing              ; On                 ; On                 ;
; Ignore translate_off and synthesis_off directives                ; Off                ; Off                ;
; Timing-Driven Synthesis                                          ; On                 ; On                 ;
; Report Parameter Settings                                        ; On                 ; On                 ;
; Report Source Assignments                                        ; On                 ; On                 ;
; Report Connectivity Checks                                       ; On                 ; On                 ;
; Ignore Maximum Fan-Out Assignments                               ; Off                ; Off                ;
; Synchronization Register Chain Length                            ; 2                  ; 2                  ;
; Power Optimization During Synthesis                              ; Normal compilation ; Normal compilation ;
; HDL message level                                                ; Level2             ; Level2             ;
; Suppress Register Optimization Related Messages                  ; Off                ; Off                ;
; Number of Removed Registers Reported in Synthesis Report         ; 5000               ; 5000               ;
; Number of Swept Nodes Reported in Synthesis Report               ; 5000               ; 5000               ;
; Number of Inverted Registers Reported in Synthesis Report        ; 100                ; 100                ;
; Clock MUX Protection                                             ; On                 ; On                 ;
; Auto Gated Clock Conversion                                      ; Off                ; Off                ;
; Block Design Naming                                              ; Auto               ; Auto               ;
; SDC constraint protection                                        ; Off                ; Off                ;
; Synthesis Effort                                                 ; Auto               ; Auto               ;
; Shift Register Replacement - Allow Asynchronous Clear Signal     ; On                 ; On                 ;
; Pre-Mapping Resynthesis Optimization                             ; Off                ; Off                ;
; Analysis & Synthesis Message Level                               ; Medium             ; Medium             ;
; Disable Register Merging Across Hierarchies                      ; Auto               ; Auto               ;
; Resource Aware Inference For Block RAM                           ; On                 ; On                 ;
+------------------------------------------------------------------+--------------------+--------------------+


+------------------------------------------+
; Parallel Compilation                     ;
+----------------------------+-------------+
; Processors                 ; Number      ;
+----------------------------+-------------+
; Number detected on machine ; 8           ;
; Maximum allowed            ; 8           ;
;                            ;             ;
; Average used               ; 1.00        ;
; Maximum used               ; 8           ;
;                            ;             ;
; Usage by Processor         ; % Time Used ;
;     Processor 1            ; 100.0%      ;
;     Processors 2-8         ;   0.0%      ;
+----------------------------+-------------+


+-------------------------------------------------------------------------------------------------------------------------------------------------------------------------------------+
; Analysis & Synthesis Source Files Read                                                                                                                                              ;
+----------------------------------+-----------------+------------------------------+---------------------------------------------------------------------------------------+---------+
; File Name with User-Entered Path ; Used in Netlist ; File Type                    ; File Name with Absolute Path                                                          ; Library ;
+----------------------------------+-----------------+------------------------------+---------------------------------------------------------------------------------------+---------+
; pll100.v                         ; yes             ; User Wizard-Generated File   ; C:/Salukat/Purificador/SoftwareDevelopment/Max_10_NEEK/Clock100MHz/pll100.v           ;         ;
; counter.v                        ; yes             ; User Wizard-Generated File   ; C:/Salukat/Purificador/SoftwareDevelopment/Max_10_NEEK/Clock100MHz/counter.v          ;         ;
; clock100mhz.v                    ; yes             ; Auto-Found Verilog HDL File  ; C:/Salukat/Purificador/SoftwareDevelopment/Max_10_NEEK/Clock100MHz/clock100mhz.v      ;         ;
; altpll.tdf                       ; yes             ; Megafunction                 ; c:/intelfpga_lite/20.1/quartus/libraries/megafunctions/altpll.tdf                     ;         ;
; aglobal201.inc                   ; yes             ; Megafunction                 ; c:/intelfpga_lite/20.1/quartus/libraries/megafunctions/aglobal201.inc                 ;         ;
; stratix_pll.inc                  ; yes             ; Megafunction                 ; c:/intelfpga_lite/20.1/quartus/libraries/megafunctions/stratix_pll.inc                ;         ;
; stratixii_pll.inc                ; yes             ; Megafunction                 ; c:/intelfpga_lite/20.1/quartus/libraries/megafunctions/stratixii_pll.inc              ;         ;
; cycloneii_pll.inc                ; yes             ; Megafunction                 ; c:/intelfpga_lite/20.1/quartus/libraries/megafunctions/cycloneii_pll.inc              ;         ;
; db/pll100_altpll.v               ; yes             ; Auto-Generated Megafunction  ; C:/Salukat/Purificador/SoftwareDevelopment/Max_10_NEEK/Clock100MHz/db/pll100_altpll.v ;         ;
; lpm_counter.tdf                  ; yes             ; Megafunction                 ; c:/intelfpga_lite/20.1/quartus/libraries/megafunctions/lpm_counter.tdf                ;         ;
; lpm_constant.inc                 ; yes             ; Megafunction                 ; c:/intelfpga_lite/20.1/quartus/libraries/megafunctions/lpm_constant.inc               ;         ;
; lpm_decode.inc                   ; yes             ; Megafunction                 ; c:/intelfpga_lite/20.1/quartus/libraries/megafunctions/lpm_decode.inc                 ;         ;
; lpm_add_sub.inc                  ; yes             ; Megafunction                 ; c:/intelfpga_lite/20.1/quartus/libraries/megafunctions/lpm_add_sub.inc                ;         ;
; cmpconst.inc                     ; yes             ; Megafunction                 ; c:/intelfpga_lite/20.1/quartus/libraries/megafunctions/cmpconst.inc                   ;         ;
; lpm_compare.inc                  ; yes             ; Megafunction                 ; c:/intelfpga_lite/20.1/quartus/libraries/megafunctions/lpm_compare.inc                ;         ;
; lpm_counter.inc                  ; yes             ; Megafunction                 ; c:/intelfpga_lite/20.1/quartus/libraries/megafunctions/lpm_counter.inc                ;         ;
; dffeea.inc                       ; yes             ; Megafunction                 ; c:/intelfpga_lite/20.1/quartus/libraries/megafunctions/dffeea.inc                     ;         ;
; alt_counter_stratix.inc          ; yes             ; Megafunction                 ; c:/intelfpga_lite/20.1/quartus/libraries/megafunctions/alt_counter_stratix.inc        ;         ;
; db/cntr_kri.tdf                  ; yes             ; Auto-Generated Megafunction  ; C:/Salukat/Purificador/SoftwareDevelopment/Max_10_NEEK/Clock100MHz/db/cntr_kri.tdf    ;         ;
; db/cmpr_5tb.tdf                  ; yes             ; Auto-Generated Megafunction  ; C:/Salukat/Purificador/SoftwareDevelopment/Max_10_NEEK/Clock100MHz/db/cmpr_5tb.tdf    ;         ;
+----------------------------------+-----------------+------------------------------+---------------------------------------------------------------------------------------+---------+


+---------------------------------------------------------------------------------------------------------------------------------+
; Analysis & Synthesis Resource Usage Summary                                                                                     ;
+---------------------------------------------+-----------------------------------------------------------------------------------+
; Resource                                    ; Usage                                                                             ;
+---------------------------------------------+-----------------------------------------------------------------------------------+
; Estimated Total logic elements              ; 47                                                                                ;
;                                             ;                                                                                   ;
; Total combinational functions               ; 47                                                                                ;
; Logic element usage by number of LUT inputs ;                                                                                   ;
;     -- 4 input functions                    ; 15                                                                                ;
;     -- 3 input functions                    ; 3                                                                                 ;
;     -- <=2 input functions                  ; 29                                                                                ;
;                                             ;                                                                                   ;
; Logic elements by mode                      ;                                                                                   ;
;     -- normal mode                          ; 20                                                                                ;
;     -- arithmetic mode                      ; 27                                                                                ;
;                                             ;                                                                                   ;
; Total registers                             ; 27                                                                                ;
;     -- Dedicated logic registers            ; 27                                                                                ;
;     -- I/O registers                        ; 0                                                                                 ;
;                                             ;                                                                                   ;
; I/O pins                                    ; 108                                                                               ;
;                                             ;                                                                                   ;
; Embedded Multiplier 9-bit elements          ; 0                                                                                 ;
;                                             ;                                                                                   ;
; Total PLLs                                  ; 1                                                                                 ;
;     -- PLLs                                 ; 1                                                                                 ;
;                                             ;                                                                                   ;
; Maximum fan-out node                        ; pll100:pll1|altpll:altpll_component|pll100_altpll:auto_generated|wire_pll1_clk[0] ;
; Maximum fan-out                             ; 30                                                                                ;
; Total fan-out                               ; 369                                                                               ;
; Average fan-out                             ; 1.17                                                                              ;
+---------------------------------------------+-----------------------------------------------------------------------------------+


+----------------------------------------------------------------------------------------------------------------------------------------------------------------------------------------------------------------------------------------------------------------------------------------------------------------------------------+
; Analysis & Synthesis Resource Utilization by Entity                                                                                                                                                                                                                                                                              ;
+-------------------------------------------+---------------------+---------------------------+-------------+------------+--------------+---------+-----------+------+--------------+------------+--------------------------------------------------------------------------------------------------+---------------+--------------+
; Compilation Hierarchy Node                ; Combinational ALUTs ; Dedicated Logic Registers ; Memory Bits ; UFM Blocks ; DSP Elements ; DSP 9x9 ; DSP 18x18 ; Pins ; Virtual Pins ; ADC blocks ; Full Hierarchy Name                                                                              ; Entity Name   ; Library Name ;
+-------------------------------------------+---------------------+---------------------------+-------------+------------+--------------+---------+-----------+------+--------------+------------+--------------------------------------------------------------------------------------------------+---------------+--------------+
; |Clock100MHz                              ; 47 (12)             ; 27 (0)                    ; 0           ; 0          ; 0            ; 0       ; 0         ; 108  ; 0            ; 0          ; |Clock100MHz                                                                                     ; Clock100MHz   ; work         ;
;    |counter:c1|                           ; 35 (0)              ; 27 (0)                    ; 0           ; 0          ; 0            ; 0       ; 0         ; 0    ; 0            ; 0          ; |Clock100MHz|counter:c1                                                                          ; counter       ; work         ;
;       |lpm_counter:LPM_COUNTER_component| ; 35 (0)              ; 27 (0)                    ; 0           ; 0          ; 0            ; 0       ; 0         ; 0    ; 0            ; 0          ; |Clock100MHz|counter:c1|lpm_counter:LPM_COUNTER_component                                        ; lpm_counter   ; work         ;
;          |cntr_kri:auto_generated|        ; 35 (29)             ; 27 (27)                   ; 0           ; 0          ; 0            ; 0       ; 0         ; 0    ; 0            ; 0          ; |Clock100MHz|counter:c1|lpm_counter:LPM_COUNTER_component|cntr_kri:auto_generated                ; cntr_kri      ; work         ;
;             |cmpr_5tb:cmpr1|              ; 6 (6)               ; 0 (0)                     ; 0           ; 0          ; 0            ; 0       ; 0         ; 0    ; 0            ; 0          ; |Clock100MHz|counter:c1|lpm_counter:LPM_COUNTER_component|cntr_kri:auto_generated|cmpr_5tb:cmpr1 ; cmpr_5tb      ; work         ;
;    |pll100:pll1|                          ; 0 (0)               ; 0 (0)                     ; 0           ; 0          ; 0            ; 0       ; 0         ; 0    ; 0            ; 0          ; |Clock100MHz|pll100:pll1                                                                         ; pll100        ; work         ;
;       |altpll:altpll_component|           ; 0 (0)               ; 0 (0)                     ; 0           ; 0          ; 0            ; 0       ; 0         ; 0    ; 0            ; 0          ; |Clock100MHz|pll100:pll1|altpll:altpll_component                                                 ; altpll        ; work         ;
;          |pll100_altpll:auto_generated|   ; 0 (0)               ; 0 (0)                     ; 0           ; 0          ; 0            ; 0       ; 0         ; 0    ; 0            ; 0          ; |Clock100MHz|pll100:pll1|altpll:altpll_component|pll100_altpll:auto_generated                    ; pll100_altpll ; work         ;
+-------------------------------------------+---------------------+---------------------------+-------------+------------+--------------+---------+-----------+------+--------------+------------+--------------------------------------------------------------------------------------------------+---------------+--------------+
Note: For table entries with two numbers listed, the numbers in parentheses indicate the number of resources of the given type used by the specific entity alone. The numbers listed outside of parentheses indicate the total resources of the given type used by the specific entity and all of its sub-entities in the hierarchy.


+------------------------------------------------------------------------------------------------------------+
; Analysis & Synthesis IP Cores Summary                                                                      ;
+--------+--------------+---------+--------------+--------------+--------------------------+-----------------+
; Vendor ; IP Core Name ; Version ; Release Date ; License Type ; Entity Instance          ; IP Include File ;
+--------+--------------+---------+--------------+--------------+--------------------------+-----------------+
; Altera ; LPM_COUNTER  ; 20.1    ; N/A          ; N/A          ; |Clock100MHz|counter:c1  ; counter.v       ;
; Altera ; ALTPLL       ; 20.1    ; N/A          ; N/A          ; |Clock100MHz|pll100:pll1 ; pll100.v        ;
+--------+--------------+---------+--------------+--------------+--------------------------+-----------------+


+---------------------------------------------------------------------------------------------------+
; User-Specified and Inferred Latches                                                               ;
+----------------------------------------------------+---------------------+------------------------+
; Latch Name                                         ; Latch Enable Signal ; Free of Timing Hazards ;
+----------------------------------------------------+---------------------+------------------------+
; led_value[0]                                       ; Equal0              ; yes                    ;
; led_value[1]                                       ; Equal0              ; yes                    ;
; Number of user-specified and inferred latches = 2  ;                     ;                        ;
+----------------------------------------------------+---------------------+------------------------+
Note: All latches listed above may not be present at the end of synthesis due to various synthesis optimizations.


+------------------------------------------------------+
; General Register Statistics                          ;
+----------------------------------------------+-------+
; Statistic                                    ; Value ;
+----------------------------------------------+-------+
; Total registers                              ; 27    ;
; Number of registers using Synchronous Clear  ; 0     ;
; Number of registers using Synchronous Load   ; 27    ;
; Number of registers using Asynchronous Clear ; 0     ;
; Number of registers using Asynchronous Load  ; 0     ;
; Number of registers using Clock Enable       ; 0     ;
; Number of registers using Preset             ; 0     ;
+----------------------------------------------+-------+


+----------------------------------------------------------------------------------+
; Parameter Settings for User Entity Instance: pll100:pll1|altpll:altpll_component ;
+-------------------------------+--------------------------+-----------------------+
; Parameter Name                ; Value                    ; Type                  ;
+-------------------------------+--------------------------+-----------------------+
; OPERATION_MODE                ; NORMAL                   ; Untyped               ;
; PLL_TYPE                      ; AUTO                     ; Untyped               ;
; LPM_HINT                      ; CBX_MODULE_PREFIX=pll100 ; Untyped               ;
; QUALIFY_CONF_DONE             ; OFF                      ; Untyped               ;
; COMPENSATE_CLOCK              ; CLK0                     ; Untyped               ;
; SCAN_CHAIN                    ; LONG                     ; Untyped               ;
; PRIMARY_CLOCK                 ; INCLK0                   ; Untyped               ;
; INCLK0_INPUT_FREQUENCY        ; 20000                    ; Signed Integer        ;
; INCLK1_INPUT_FREQUENCY        ; 0                        ; Untyped               ;
; GATE_LOCK_SIGNAL              ; NO                       ; Untyped               ;
; GATE_LOCK_COUNTER             ; 0                        ; Untyped               ;
; LOCK_HIGH                     ; 1                        ; Untyped               ;
; LOCK_LOW                      ; 1                        ; Untyped               ;
; VALID_LOCK_MULTIPLIER         ; 1                        ; Untyped               ;
; INVALID_LOCK_MULTIPLIER       ; 5                        ; Untyped               ;
; SWITCH_OVER_ON_LOSSCLK        ; OFF                      ; Untyped               ;
; SWITCH_OVER_ON_GATED_LOCK     ; OFF                      ; Untyped               ;
; ENABLE_SWITCH_OVER_COUNTER    ; OFF                      ; Untyped               ;
; SKIP_VCO                      ; OFF                      ; Untyped               ;
; SWITCH_OVER_COUNTER           ; 0                        ; Untyped               ;
; SWITCH_OVER_TYPE              ; AUTO                     ; Untyped               ;
; FEEDBACK_SOURCE               ; EXTCLK0                  ; Untyped               ;
; BANDWIDTH                     ; 0                        ; Untyped               ;
; BANDWIDTH_TYPE                ; AUTO                     ; Untyped               ;
; SPREAD_FREQUENCY              ; 0                        ; Untyped               ;
; DOWN_SPREAD                   ; 0                        ; Untyped               ;
; SELF_RESET_ON_GATED_LOSS_LOCK ; OFF                      ; Untyped               ;
; SELF_RESET_ON_LOSS_LOCK       ; OFF                      ; Untyped               ;
; CLK9_MULTIPLY_BY              ; 0                        ; Untyped               ;
; CLK8_MULTIPLY_BY              ; 0                        ; Untyped               ;
; CLK7_MULTIPLY_BY              ; 0                        ; Untyped               ;
; CLK6_MULTIPLY_BY              ; 0                        ; Untyped               ;
; CLK5_MULTIPLY_BY              ; 1                        ; Untyped               ;
; CLK4_MULTIPLY_BY              ; 1                        ; Untyped               ;
; CLK3_MULTIPLY_BY              ; 1                        ; Untyped               ;
; CLK2_MULTIPLY_BY              ; 1                        ; Untyped               ;
; CLK1_MULTIPLY_BY              ; 1                        ; Untyped               ;
; CLK0_MULTIPLY_BY              ; 2                        ; Signed Integer        ;
; CLK9_DIVIDE_BY                ; 0                        ; Untyped               ;
; CLK8_DIVIDE_BY                ; 0                        ; Untyped               ;
; CLK7_DIVIDE_BY                ; 0                        ; Untyped               ;
; CLK6_DIVIDE_BY                ; 0                        ; Untyped               ;
; CLK5_DIVIDE_BY                ; 1                        ; Untyped               ;
; CLK4_DIVIDE_BY                ; 1                        ; Untyped               ;
; CLK3_DIVIDE_BY                ; 1                        ; Untyped               ;
; CLK2_DIVIDE_BY                ; 1                        ; Untyped               ;
; CLK1_DIVIDE_BY                ; 1                        ; Untyped               ;
; CLK0_DIVIDE_BY                ; 1                        ; Signed Integer        ;
; CLK9_PHASE_SHIFT              ; 0                        ; Untyped               ;
; CLK8_PHASE_SHIFT              ; 0                        ; Untyped               ;
; CLK7_PHASE_SHIFT              ; 0                        ; Untyped               ;
; CLK6_PHASE_SHIFT              ; 0                        ; Untyped               ;
; CLK5_PHASE_SHIFT              ; 0                        ; Untyped               ;
; CLK4_PHASE_SHIFT              ; 0                        ; Untyped               ;
; CLK3_PHASE_SHIFT              ; 0                        ; Untyped               ;
; CLK2_PHASE_SHIFT              ; 0                        ; Untyped               ;
; CLK1_PHASE_SHIFT              ; 0                        ; Untyped               ;
; CLK0_PHASE_SHIFT              ; 0                        ; Untyped               ;
; CLK5_TIME_DELAY               ; 0                        ; Untyped               ;
; CLK4_TIME_DELAY               ; 0                        ; Untyped               ;
; CLK3_TIME_DELAY               ; 0                        ; Untyped               ;
; CLK2_TIME_DELAY               ; 0                        ; Untyped               ;
; CLK1_TIME_DELAY               ; 0                        ; Untyped               ;
; CLK0_TIME_DELAY               ; 0                        ; Untyped               ;
; CLK9_DUTY_CYCLE               ; 50                       ; Untyped               ;
; CLK8_DUTY_CYCLE               ; 50                       ; Untyped               ;
; CLK7_DUTY_CYCLE               ; 50                       ; Untyped               ;
; CLK6_DUTY_CYCLE               ; 50                       ; Untyped               ;
; CLK5_DUTY_CYCLE               ; 50                       ; Untyped               ;
; CLK4_DUTY_CYCLE               ; 50                       ; Untyped               ;
; CLK3_DUTY_CYCLE               ; 50                       ; Untyped               ;
; CLK2_DUTY_CYCLE               ; 50                       ; Untyped               ;
; CLK1_DUTY_CYCLE               ; 50                       ; Untyped               ;
; CLK0_DUTY_CYCLE               ; 50                       ; Signed Integer        ;
; CLK9_USE_EVEN_COUNTER_MODE    ; OFF                      ; Untyped               ;
; CLK8_USE_EVEN_COUNTER_MODE    ; OFF                      ; Untyped               ;
; CLK7_USE_EVEN_COUNTER_MODE    ; OFF                      ; Untyped               ;
; CLK6_USE_EVEN_COUNTER_MODE    ; OFF                      ; Untyped               ;
; CLK5_USE_EVEN_COUNTER_MODE    ; OFF                      ; Untyped               ;
; CLK4_USE_EVEN_COUNTER_MODE    ; OFF                      ; Untyped               ;
; CLK3_USE_EVEN_COUNTER_MODE    ; OFF                      ; Untyped               ;
; CLK2_USE_EVEN_COUNTER_MODE    ; OFF                      ; Untyped               ;
; CLK1_USE_EVEN_COUNTER_MODE    ; OFF                      ; Untyped               ;
; CLK0_USE_EVEN_COUNTER_MODE    ; OFF                      ; Untyped               ;
; CLK9_USE_EVEN_COUNTER_VALUE   ; OFF                      ; Untyped               ;
; CLK8_USE_EVEN_COUNTER_VALUE   ; OFF                      ; Untyped               ;
; CLK7_USE_EVEN_COUNTER_VALUE   ; OFF                      ; Untyped               ;
; CLK6_USE_EVEN_COUNTER_VALUE   ; OFF                      ; Untyped               ;
; CLK5_USE_EVEN_COUNTER_VALUE   ; OFF                      ; Untyped               ;
; CLK4_USE_EVEN_COUNTER_VALUE   ; OFF                      ; Untyped               ;
; CLK3_USE_EVEN_COUNTER_VALUE   ; OFF                      ; Untyped               ;
; CLK2_USE_EVEN_COUNTER_VALUE   ; OFF                      ; Untyped               ;
; CLK1_USE_EVEN_COUNTER_VALUE   ; OFF                      ; Untyped               ;
; CLK0_USE_EVEN_COUNTER_VALUE   ; OFF                      ; Untyped               ;
; LOCK_WINDOW_UI                ;  0.05                    ; Untyped               ;
; LOCK_WINDOW_UI_BITS           ; UNUSED                   ; Untyped               ;
; VCO_RANGE_DETECTOR_LOW_BITS   ; UNUSED                   ; Untyped               ;
; VCO_RANGE_DETECTOR_HIGH_BITS  ; UNUSED                   ; Untyped               ;
; DPA_MULTIPLY_BY               ; 0                        ; Untyped               ;
; DPA_DIVIDE_BY                 ; 1                        ; Untyped               ;
; DPA_DIVIDER                   ; 0                        ; Untyped               ;
; EXTCLK3_MULTIPLY_BY           ; 1                        ; Untyped               ;
; EXTCLK2_MULTIPLY_BY           ; 1                        ; Untyped               ;
; EXTCLK1_MULTIPLY_BY           ; 1                        ; Untyped               ;
; EXTCLK0_MULTIPLY_BY           ; 1                        ; Untyped               ;
; EXTCLK3_DIVIDE_BY             ; 1                        ; Untyped               ;
; EXTCLK2_DIVIDE_BY             ; 1                        ; Untyped               ;
; EXTCLK1_DIVIDE_BY             ; 1                        ; Untyped               ;
; EXTCLK0_DIVIDE_BY             ; 1                        ; Untyped               ;
; EXTCLK3_PHASE_SHIFT           ; 0                        ; Untyped               ;
; EXTCLK2_PHASE_SHIFT           ; 0                        ; Untyped               ;
; EXTCLK1_PHASE_SHIFT           ; 0                        ; Untyped               ;
; EXTCLK0_PHASE_SHIFT           ; 0                        ; Untyped               ;
; EXTCLK3_TIME_DELAY            ; 0                        ; Untyped               ;
; EXTCLK2_TIME_DELAY            ; 0                        ; Untyped               ;
; EXTCLK1_TIME_DELAY            ; 0                        ; Untyped               ;
; EXTCLK0_TIME_DELAY            ; 0                        ; Untyped               ;
; EXTCLK3_DUTY_CYCLE            ; 50                       ; Untyped               ;
; EXTCLK2_DUTY_CYCLE            ; 50                       ; Untyped               ;
; EXTCLK1_DUTY_CYCLE            ; 50                       ; Untyped               ;
; EXTCLK0_DUTY_CYCLE            ; 50                       ; Untyped               ;
; VCO_MULTIPLY_BY               ; 0                        ; Untyped               ;
; VCO_DIVIDE_BY                 ; 0                        ; Untyped               ;
; SCLKOUT0_PHASE_SHIFT          ; 0                        ; Untyped               ;
; SCLKOUT1_PHASE_SHIFT          ; 0                        ; Untyped               ;
; VCO_MIN                       ; 0                        ; Untyped               ;
; VCO_MAX                       ; 0                        ; Untyped               ;
; VCO_CENTER                    ; 0                        ; Untyped               ;
; PFD_MIN                       ; 0                        ; Untyped               ;
; PFD_MAX                       ; 0                        ; Untyped               ;
; M_INITIAL                     ; 0                        ; Untyped               ;
; M                             ; 0                        ; Untyped               ;
; N                             ; 1                        ; Untyped               ;
; M2                            ; 1                        ; Untyped               ;
; N2                            ; 1                        ; Untyped               ;
; SS                            ; 1                        ; Untyped               ;
; C0_HIGH                       ; 0                        ; Untyped               ;
; C1_HIGH                       ; 0                        ; Untyped               ;
; C2_HIGH                       ; 0                        ; Untyped               ;
; C3_HIGH                       ; 0                        ; Untyped               ;
; C4_HIGH                       ; 0                        ; Untyped               ;
; C5_HIGH                       ; 0                        ; Untyped               ;
; C6_HIGH                       ; 0                        ; Untyped               ;
; C7_HIGH                       ; 0                        ; Untyped               ;
; C8_HIGH                       ; 0                        ; Untyped               ;
; C9_HIGH                       ; 0                        ; Untyped               ;
; C0_LOW                        ; 0                        ; Untyped               ;
; C1_LOW                        ; 0                        ; Untyped               ;
; C2_LOW                        ; 0                        ; Untyped               ;
; C3_LOW                        ; 0                        ; Untyped               ;
; C4_LOW                        ; 0                        ; Untyped               ;
; C5_LOW                        ; 0                        ; Untyped               ;
; C6_LOW                        ; 0                        ; Untyped               ;
; C7_LOW                        ; 0                        ; Untyped               ;
; C8_LOW                        ; 0                        ; Untyped               ;
; C9_LOW                        ; 0                        ; Untyped               ;
; C0_INITIAL                    ; 0                        ; Untyped               ;
; C1_INITIAL                    ; 0                        ; Untyped               ;
; C2_INITIAL                    ; 0                        ; Untyped               ;
; C3_INITIAL                    ; 0                        ; Untyped               ;
; C4_INITIAL                    ; 0                        ; Untyped               ;
; C5_INITIAL                    ; 0                        ; Untyped               ;
; C6_INITIAL                    ; 0                        ; Untyped               ;
; C7_INITIAL                    ; 0                        ; Untyped               ;
; C8_INITIAL                    ; 0                        ; Untyped               ;
; C9_INITIAL                    ; 0                        ; Untyped               ;
; C0_MODE                       ; BYPASS                   ; Untyped               ;
; C1_MODE                       ; BYPASS                   ; Untyped               ;
; C2_MODE                       ; BYPASS                   ; Untyped               ;
; C3_MODE                       ; BYPASS                   ; Untyped               ;
; C4_MODE                       ; BYPASS                   ; Untyped               ;
; C5_MODE                       ; BYPASS                   ; Untyped               ;
; C6_MODE                       ; BYPASS                   ; Untyped               ;
; C7_MODE                       ; BYPASS                   ; Untyped               ;
; C8_MODE                       ; BYPASS                   ; Untyped               ;
; C9_MODE                       ; BYPASS                   ; Untyped               ;
; C0_PH                         ; 0                        ; Untyped               ;
; C1_PH                         ; 0                        ; Untyped               ;
; C2_PH                         ; 0                        ; Untyped               ;
; C3_PH                         ; 0                        ; Untyped               ;
; C4_PH                         ; 0                        ; Untyped               ;
; C5_PH                         ; 0                        ; Untyped               ;
; C6_PH                         ; 0                        ; Untyped               ;
; C7_PH                         ; 0                        ; Untyped               ;
; C8_PH                         ; 0                        ; Untyped               ;
; C9_PH                         ; 0                        ; Untyped               ;
; L0_HIGH                       ; 1                        ; Untyped               ;
; L1_HIGH                       ; 1                        ; Untyped               ;
; G0_HIGH                       ; 1                        ; Untyped               ;
; G1_HIGH                       ; 1                        ; Untyped               ;
; G2_HIGH                       ; 1                        ; Untyped               ;
; G3_HIGH                       ; 1                        ; Untyped               ;
; E0_HIGH                       ; 1                        ; Untyped               ;
; E1_HIGH                       ; 1                        ; Untyped               ;
; E2_HIGH                       ; 1                        ; Untyped               ;
; E3_HIGH                       ; 1                        ; Untyped               ;
; L0_LOW                        ; 1                        ; Untyped               ;
; L1_LOW                        ; 1                        ; Untyped               ;
; G0_LOW                        ; 1                        ; Untyped               ;
; G1_LOW                        ; 1                        ; Untyped               ;
; G2_LOW                        ; 1                        ; Untyped               ;
; G3_LOW                        ; 1                        ; Untyped               ;
; E0_LOW                        ; 1                        ; Untyped               ;
; E1_LOW                        ; 1                        ; Untyped               ;
; E2_LOW                        ; 1                        ; Untyped               ;
; E3_LOW                        ; 1                        ; Untyped               ;
; L0_INITIAL                    ; 1                        ; Untyped               ;
; L1_INITIAL                    ; 1                        ; Untyped               ;
; G0_INITIAL                    ; 1                        ; Untyped               ;
; G1_INITIAL                    ; 1                        ; Untyped               ;
; G2_INITIAL                    ; 1                        ; Untyped               ;
; G3_INITIAL                    ; 1                        ; Untyped               ;
; E0_INITIAL                    ; 1                        ; Untyped               ;
; E1_INITIAL                    ; 1                        ; Untyped               ;
; E2_INITIAL                    ; 1                        ; Untyped               ;
; E3_INITIAL                    ; 1                        ; Untyped               ;
; L0_MODE                       ; BYPASS                   ; Untyped               ;
; L1_MODE                       ; BYPASS                   ; Untyped               ;
; G0_MODE                       ; BYPASS                   ; Untyped               ;
; G1_MODE                       ; BYPASS                   ; Untyped               ;
; G2_MODE                       ; BYPASS                   ; Untyped               ;
; G3_MODE                       ; BYPASS                   ; Untyped               ;
; E0_MODE                       ; BYPASS                   ; Untyped               ;
; E1_MODE                       ; BYPASS                   ; Untyped               ;
; E2_MODE                       ; BYPASS                   ; Untyped               ;
; E3_MODE                       ; BYPASS                   ; Untyped               ;
; L0_PH                         ; 0                        ; Untyped               ;
; L1_PH                         ; 0                        ; Untyped               ;
; G0_PH                         ; 0                        ; Untyped               ;
; G1_PH                         ; 0                        ; Untyped               ;
; G2_PH                         ; 0                        ; Untyped               ;
; G3_PH                         ; 0                        ; Untyped               ;
; E0_PH                         ; 0                        ; Untyped               ;
; E1_PH                         ; 0                        ; Untyped               ;
; E2_PH                         ; 0                        ; Untyped               ;
; E3_PH                         ; 0                        ; Untyped               ;
; M_PH                          ; 0                        ; Untyped               ;
; C1_USE_CASC_IN                ; OFF                      ; Untyped               ;
; C2_USE_CASC_IN                ; OFF                      ; Untyped               ;
; C3_USE_CASC_IN                ; OFF                      ; Untyped               ;
; C4_USE_CASC_IN                ; OFF                      ; Untyped               ;
; C5_USE_CASC_IN                ; OFF                      ; Untyped               ;
; C6_USE_CASC_IN                ; OFF                      ; Untyped               ;
; C7_USE_CASC_IN                ; OFF                      ; Untyped               ;
; C8_USE_CASC_IN                ; OFF                      ; Untyped               ;
; C9_USE_CASC_IN                ; OFF                      ; Untyped               ;
; CLK0_COUNTER                  ; G0                       ; Untyped               ;
; CLK1_COUNTER                  ; G0                       ; Untyped               ;
; CLK2_COUNTER                  ; G0                       ; Untyped               ;
; CLK3_COUNTER                  ; G0                       ; Untyped               ;
; CLK4_COUNTER                  ; G0                       ; Untyped               ;
; CLK5_COUNTER                  ; G0                       ; Untyped               ;
; CLK6_COUNTER                  ; E0                       ; Untyped               ;
; CLK7_COUNTER                  ; E1                       ; Untyped               ;
; CLK8_COUNTER                  ; E2                       ; Untyped               ;
; CLK9_COUNTER                  ; E3                       ; Untyped               ;
; L0_TIME_DELAY                 ; 0                        ; Untyped               ;
; L1_TIME_DELAY                 ; 0                        ; Untyped               ;
; G0_TIME_DELAY                 ; 0                        ; Untyped               ;
; G1_TIME_DELAY                 ; 0                        ; Untyped               ;
; G2_TIME_DELAY                 ; 0                        ; Untyped               ;
; G3_TIME_DELAY                 ; 0                        ; Untyped               ;
; E0_TIME_DELAY                 ; 0                        ; Untyped               ;
; E1_TIME_DELAY                 ; 0                        ; Untyped               ;
; E2_TIME_DELAY                 ; 0                        ; Untyped               ;
; E3_TIME_DELAY                 ; 0                        ; Untyped               ;
; M_TIME_DELAY                  ; 0                        ; Untyped               ;
; N_TIME_DELAY                  ; 0                        ; Untyped               ;
; EXTCLK3_COUNTER               ; E3                       ; Untyped               ;
; EXTCLK2_COUNTER               ; E2                       ; Untyped               ;
; EXTCLK1_COUNTER               ; E1                       ; Untyped               ;
; EXTCLK0_COUNTER               ; E0                       ; Untyped               ;
; ENABLE0_COUNTER               ; L0                       ; Untyped               ;
; ENABLE1_COUNTER               ; L0                       ; Untyped               ;
; CHARGE_PUMP_CURRENT           ; 2                        ; Untyped               ;
; LOOP_FILTER_R                 ;  1.000000                ; Untyped               ;
; LOOP_FILTER_C                 ; 5                        ; Untyped               ;
; CHARGE_PUMP_CURRENT_BITS      ; 9999                     ; Untyped               ;
; LOOP_FILTER_R_BITS            ; 9999                     ; Untyped               ;
; LOOP_FILTER_C_BITS            ; 9999                     ; Untyped               ;
; VCO_POST_SCALE                ; 0                        ; Untyped               ;
; CLK2_OUTPUT_FREQUENCY         ; 0                        ; Untyped               ;
; CLK1_OUTPUT_FREQUENCY         ; 0                        ; Untyped               ;
; CLK0_OUTPUT_FREQUENCY         ; 0                        ; Untyped               ;
; INTENDED_DEVICE_FAMILY        ; MAX 10                   ; Untyped               ;
; PORT_CLKENA0                  ; PORT_UNUSED              ; Untyped               ;
; PORT_CLKENA1                  ; PORT_UNUSED              ; Untyped               ;
; PORT_CLKENA2                  ; PORT_UNUSED              ; Untyped               ;
; PORT_CLKENA3                  ; PORT_UNUSED              ; Untyped               ;
; PORT_CLKENA4                  ; PORT_UNUSED              ; Untyped               ;
; PORT_CLKENA5                  ; PORT_UNUSED              ; Untyped               ;
; PORT_EXTCLKENA0               ; PORT_CONNECTIVITY        ; Untyped               ;
; PORT_EXTCLKENA1               ; PORT_CONNECTIVITY        ; Untyped               ;
; PORT_EXTCLKENA2               ; PORT_CONNECTIVITY        ; Untyped               ;
; PORT_EXTCLKENA3               ; PORT_CONNECTIVITY        ; Untyped               ;
; PORT_EXTCLK0                  ; PORT_UNUSED              ; Untyped               ;
; PORT_EXTCLK1                  ; PORT_UNUSED              ; Untyped               ;
; PORT_EXTCLK2                  ; PORT_UNUSED              ; Untyped               ;
; PORT_EXTCLK3                  ; PORT_UNUSED              ; Untyped               ;
; PORT_CLKBAD0                  ; PORT_UNUSED              ; Untyped               ;
; PORT_CLKBAD1                  ; PORT_UNUSED              ; Untyped               ;
; PORT_CLK0                     ; PORT_USED                ; Untyped               ;
; PORT_CLK1                     ; PORT_UNUSED              ; Untyped               ;
; PORT_CLK2                     ; PORT_UNUSED              ; Untyped               ;
; PORT_CLK3                     ; PORT_UNUSED              ; Untyped               ;
; PORT_CLK4                     ; PORT_UNUSED              ; Untyped               ;
; PORT_CLK5                     ; PORT_UNUSED              ; Untyped               ;
; PORT_CLK6                     ; PORT_UNUSED              ; Untyped               ;
; PORT_CLK7                     ; PORT_UNUSED              ; Untyped               ;
; PORT_CLK8                     ; PORT_UNUSED              ; Untyped               ;
; PORT_CLK9                     ; PORT_UNUSED              ; Untyped               ;
; PORT_SCANDATA                 ; PORT_UNUSED              ; Untyped               ;
; PORT_SCANDATAOUT              ; PORT_UNUSED              ; Untyped               ;
; PORT_SCANDONE                 ; PORT_UNUSED              ; Untyped               ;
; PORT_SCLKOUT1                 ; PORT_CONNECTIVITY        ; Untyped               ;
; PORT_SCLKOUT0                 ; PORT_CONNECTIVITY        ; Untyped               ;
; PORT_ACTIVECLOCK              ; PORT_UNUSED              ; Untyped               ;
; PORT_CLKLOSS                  ; PORT_UNUSED              ; Untyped               ;
; PORT_INCLK1                   ; PORT_UNUSED              ; Untyped               ;
; PORT_INCLK0                   ; PORT_USED                ; Untyped               ;
; PORT_FBIN                     ; PORT_UNUSED              ; Untyped               ;
; PORT_PLLENA                   ; PORT_UNUSED              ; Untyped               ;
; PORT_CLKSWITCH                ; PORT_UNUSED              ; Untyped               ;
; PORT_ARESET                   ; PORT_UNUSED              ; Untyped               ;
; PORT_PFDENA                   ; PORT_UNUSED              ; Untyped               ;
; PORT_SCANCLK                  ; PORT_UNUSED              ; Untyped               ;
; PORT_SCANACLR                 ; PORT_UNUSED              ; Untyped               ;
; PORT_SCANREAD                 ; PORT_UNUSED              ; Untyped               ;
; PORT_SCANWRITE                ; PORT_UNUSED              ; Untyped               ;
; PORT_ENABLE0                  ; PORT_CONNECTIVITY        ; Untyped               ;
; PORT_ENABLE1                  ; PORT_CONNECTIVITY        ; Untyped               ;
; PORT_LOCKED                   ; PORT_USED                ; Untyped               ;
; PORT_CONFIGUPDATE             ; PORT_UNUSED              ; Untyped               ;
; PORT_FBOUT                    ; PORT_CONNECTIVITY        ; Untyped               ;
; PORT_PHASEDONE                ; PORT_UNUSED              ; Untyped               ;
; PORT_PHASESTEP                ; PORT_UNUSED              ; Untyped               ;
; PORT_PHASEUPDOWN              ; PORT_UNUSED              ; Untyped               ;
; PORT_SCANCLKENA               ; PORT_UNUSED              ; Untyped               ;
; PORT_PHASECOUNTERSELECT       ; PORT_UNUSED              ; Untyped               ;
; PORT_VCOOVERRANGE             ; PORT_CONNECTIVITY        ; Untyped               ;
; PORT_VCOUNDERRANGE            ; PORT_CONNECTIVITY        ; Untyped               ;
; M_TEST_SOURCE                 ; 5                        ; Untyped               ;
; C0_TEST_SOURCE                ; 5                        ; Untyped               ;
; C1_TEST_SOURCE                ; 5                        ; Untyped               ;
; C2_TEST_SOURCE                ; 5                        ; Untyped               ;
; C3_TEST_SOURCE                ; 5                        ; Untyped               ;
; C4_TEST_SOURCE                ; 5                        ; Untyped               ;
; C5_TEST_SOURCE                ; 5                        ; Untyped               ;
; C6_TEST_SOURCE                ; 5                        ; Untyped               ;
; C7_TEST_SOURCE                ; 5                        ; Untyped               ;
; C8_TEST_SOURCE                ; 5                        ; Untyped               ;
; C9_TEST_SOURCE                ; 5                        ; Untyped               ;
; CBXI_PARAMETER                ; pll100_altpll            ; Untyped               ;
; VCO_FREQUENCY_CONTROL         ; AUTO                     ; Untyped               ;
; VCO_PHASE_SHIFT_STEP          ; 0                        ; Untyped               ;
; WIDTH_CLOCK                   ; 5                        ; Signed Integer        ;
; WIDTH_PHASECOUNTERSELECT      ; 4                        ; Untyped               ;
; USING_FBMIMICBIDIR_PORT       ; OFF                      ; Untyped               ;
; DEVICE_FAMILY                 ; MAX 10                   ; Untyped               ;
; SCAN_CHAIN_MIF_FILE           ; UNUSED                   ; Untyped               ;
; SIM_GATE_LOCK_DEVICE_BEHAVIOR ; OFF                      ; Untyped               ;
; AUTO_CARRY_CHAINS             ; ON                       ; AUTO_CARRY            ;
; IGNORE_CARRY_BUFFERS          ; OFF                      ; IGNORE_CARRY          ;
; AUTO_CASCADE_CHAINS           ; ON                       ; AUTO_CASCADE          ;
; IGNORE_CASCADE_BUFFERS        ; OFF                      ; IGNORE_CASCADE        ;
+-------------------------------+--------------------------+-----------------------+
Note: In order to hide this table in the UI and the text report file, please set the "Show Parameter Settings in Synthesis Report" option in "Analysis and Synthesis Settings -> More Settings" to "Off".


+-------------------------------------------------------------------------------------------+
; Parameter Settings for User Entity Instance: counter:c1|lpm_counter:LPM_COUNTER_component ;
+------------------------+-------------+----------------------------------------------------+
; Parameter Name         ; Value       ; Type                                               ;
+------------------------+-------------+----------------------------------------------------+
; AUTO_CARRY_CHAINS      ; ON          ; AUTO_CARRY                                         ;
; IGNORE_CARRY_BUFFERS   ; OFF         ; IGNORE_CARRY                                       ;
; AUTO_CASCADE_CHAINS    ; ON          ; AUTO_CASCADE                                       ;
; IGNORE_CASCADE_BUFFERS ; OFF         ; IGNORE_CASCADE                                     ;
; LPM_WIDTH              ; 27          ; Signed Integer                                     ;
; LPM_DIRECTION          ; UP          ; Untyped                                            ;
; LPM_MODULUS            ; 100000000   ; Signed Integer                                     ;
; LPM_AVALUE             ; UNUSED      ; Untyped                                            ;
; LPM_SVALUE             ; UNUSED      ; Untyped                                            ;
; LPM_PORT_UPDOWN        ; PORT_UNUSED ; Untyped                                            ;
; DEVICE_FAMILY          ; MAX 10      ; Untyped                                            ;
; CARRY_CHAIN            ; MANUAL      ; Untyped                                            ;
; CARRY_CHAIN_LENGTH     ; 48          ; CARRY_CHAIN_LENGTH                                 ;
; NOT_GATE_PUSH_BACK     ; ON          ; NOT_GATE_PUSH_BACK                                 ;
; CARRY_CNT_EN           ; SMART       ; Untyped                                            ;
; LABWIDE_SCLR           ; ON          ; Untyped                                            ;
; USE_NEW_VERSION        ; TRUE        ; Untyped                                            ;
; CBXI_PARAMETER         ; cntr_kri    ; Untyped                                            ;
+------------------------+-------------+----------------------------------------------------+
Note: In order to hide this table in the UI and the text report file, please set the "Show Parameter Settings in Synthesis Report" option in "Analysis and Synthesis Settings -> More Settings" to "Off".


+---------------------------------------------------------------------+
; altpll Parameter Settings by Entity Instance                        ;
+-------------------------------+-------------------------------------+
; Name                          ; Value                               ;
+-------------------------------+-------------------------------------+
; Number of entity instances    ; 1                                   ;
; Entity Instance               ; pll100:pll1|altpll:altpll_component ;
;     -- OPERATION_MODE         ; NORMAL                              ;
;     -- PLL_TYPE               ; AUTO                                ;
;     -- PRIMARY_CLOCK          ; INCLK0                              ;
;     -- INCLK0_INPUT_FREQUENCY ; 20000                               ;
;     -- INCLK1_INPUT_FREQUENCY ; 0                                   ;
;     -- VCO_MULTIPLY_BY        ; 0                                   ;
;     -- VCO_DIVIDE_BY          ; 0                                   ;
+-------------------------------+-------------------------------------+


+-----------------------------------------------------+
; Post-Synthesis Netlist Statistics for Top Partition ;
+-----------------------+-----------------------------+
; Type                  ; Count                       ;
+-----------------------+-----------------------------+
; boundary_port         ; 108                         ;
; cycloneiii_ff         ; 27                          ;
;     SLD               ; 27                          ;
; cycloneiii_io_obuf    ; 25                          ;
; cycloneiii_lcell_comb ; 47                          ;
;     arith             ; 27                          ;
;         2 data inputs ; 27                          ;
;     normal            ; 20                          ;
;         0 data inputs ; 2                           ;
;         3 data inputs ; 3                           ;
;         4 data inputs ; 15                          ;
; cycloneiii_pll        ; 1                           ;
;                       ;                             ;
; Max LUT depth         ; 4.70                        ;
; Average LUT depth     ; 2.78                        ;
+-----------------------+-----------------------------+


+-------------------------------+
; Elapsed Time Per Partition    ;
+----------------+--------------+
; Partition Name ; Elapsed Time ;
+----------------+--------------+
; Top            ; 00:00:00     ;
+----------------+--------------+


+-------------------------------+
; Analysis & Synthesis Messages ;
+-------------------------------+
Info: *******************************************************************
Info: Running Quartus Prime Analysis & Synthesis
    Info: Version 20.1.0 Build 711 06/05/2020 SJ Lite Edition
    Info: Processing started: Sat Feb 06 19:10:18 2021
Info: Command: quartus_map --read_settings_files=on --write_settings_files=off Clock100MHz -c Clock100MHz
Warning (18236): Number of processors has not been specified which may cause overloading on shared machines.  Set the global assignment NUM_PARALLEL_PROCESSORS in your QSF to an appropriate value for best performance.
Info (20030): Parallel compilation is enabled and will use 8 of the 8 processors detected
Info (12021): Found 1 design units, including 1 entities, in source file pll100.v
    Info (12023): Found entity 1: pll100 File: C:/Salukat/Purificador/SoftwareDevelopment/Max_10_NEEK/Clock100MHz/pll100.v Line: 40
Info (12021): Found 1 design units, including 1 entities, in source file counter.v
    Info (12023): Found entity 1: counter File: C:/Salukat/Purificador/SoftwareDevelopment/Max_10_NEEK/Clock100MHz/counter.v Line: 40
Warning (12125): Using design file clock100mhz.v, which is not specified as a design file for the current project, but contains definitions for 1 design units and 1 entities in project
    Info (12023): Found entity 1: Clock100MHz File: C:/Salukat/Purificador/SoftwareDevelopment/Max_10_NEEK/Clock100MHz/clock100mhz.v Line: 6
Info (12127): Elaborating entity "Clock100MHz" for the top level hierarchy
Warning (10240): Verilog HDL Always Construct warning at clock100mhz.v(127): inferring latch(es) for variable "led_value", which holds its previous value in one or more paths through the always construct File: C:/Salukat/Purificador/SoftwareDevelopment/Max_10_NEEK/Clock100MHz/clock100mhz.v Line: 127
Warning (10034): Output port "LEDR[9..2]" at clock100mhz.v(22) has no driver File: C:/Salukat/Purificador/SoftwareDevelopment/Max_10_NEEK/Clock100MHz/clock100mhz.v Line: 22
Warning (10034): Output port "HEX0" at clock100mhz.v(25) has no driver File: C:/Salukat/Purificador/SoftwareDevelopment/Max_10_NEEK/Clock100MHz/clock100mhz.v Line: 25
Warning (10034): Output port "HEX1" at clock100mhz.v(26) has no driver File: C:/Salukat/Purificador/SoftwareDevelopment/Max_10_NEEK/Clock100MHz/clock100mhz.v Line: 26
Warning (10034): Output port "NET_TX_D" at clock100mhz.v(67) has no driver File: C:/Salukat/Purificador/SoftwareDevelopment/Max_10_NEEK/Clock100MHz/clock100mhz.v Line: 67
Warning (10034): Output port "AUDIO_DIN_MFP1" at clock100mhz.v(30) has no driver File: C:/Salukat/Purificador/SoftwareDevelopment/Max_10_NEEK/Clock100MHz/clock100mhz.v Line: 30
Warning (10034): Output port "AUDIO_MCLK" at clock100mhz.v(33) has no driver File: C:/Salukat/Purificador/SoftwareDevelopment/Max_10_NEEK/Clock100MHz/clock100mhz.v Line: 33
Warning (10034): Output port "AUDIO_SCL_SS_n" at clock100mhz.v(36) has no driver File: C:/Salukat/Purificador/SoftwareDevelopment/Max_10_NEEK/Clock100MHz/clock100mhz.v Line: 36
Warning (10034): Output port "AUDIO_SCLK_MFP3" at clock100mhz.v(37) has no driver File: C:/Salukat/Purificador/SoftwareDevelopment/Max_10_NEEK/Clock100MHz/clock100mhz.v Line: 37
Warning (10034): Output port "AUDIO_SPI_SELECT" at clock100mhz.v(39) has no driver File: C:/Salukat/Purificador/SoftwareDevelopment/Max_10_NEEK/Clock100MHz/clock100mhz.v Line: 39
Warning (10034): Output port "DAC_SCLK" at clock100mhz.v(44) has no driver File: C:/Salukat/Purificador/SoftwareDevelopment/Max_10_NEEK/Clock100MHz/clock100mhz.v Line: 44
Warning (10034): Output port "DAC_SYNC_n" at clock100mhz.v(45) has no driver File: C:/Salukat/Purificador/SoftwareDevelopment/Max_10_NEEK/Clock100MHz/clock100mhz.v Line: 45
Warning (10034): Output port "FLASH_DCLK" at clock100mhz.v(49) has no driver File: C:/Salukat/Purificador/SoftwareDevelopment/Max_10_NEEK/Clock100MHz/clock100mhz.v Line: 49
Warning (10034): Output port "FLASH_NCSO" at clock100mhz.v(50) has no driver File: C:/Salukat/Purificador/SoftwareDevelopment/Max_10_NEEK/Clock100MHz/clock100mhz.v Line: 50
Warning (10034): Output port "FLASH_RESET_n" at clock100mhz.v(51) has no driver File: C:/Salukat/Purificador/SoftwareDevelopment/Max_10_NEEK/Clock100MHz/clock100mhz.v Line: 51
Warning (10034): Output port "NET_GTX_CLK" at clock100mhz.v(54) has no driver File: C:/Salukat/Purificador/SoftwareDevelopment/Max_10_NEEK/Clock100MHz/clock100mhz.v Line: 54
Warning (10034): Output port "NET_MDC" at clock100mhz.v(57) has no driver File: C:/Salukat/Purificador/SoftwareDevelopment/Max_10_NEEK/Clock100MHz/clock100mhz.v Line: 57
Warning (10034): Output port "NET_RST_N" at clock100mhz.v(59) has no driver File: C:/Salukat/Purificador/SoftwareDevelopment/Max_10_NEEK/Clock100MHz/clock100mhz.v Line: 59
Warning (10034): Output port "NET_TX_EN" at clock100mhz.v(68) has no driver File: C:/Salukat/Purificador/SoftwareDevelopment/Max_10_NEEK/Clock100MHz/clock100mhz.v Line: 68
Warning (10034): Output port "NET_TX_ER" at clock100mhz.v(69) has no driver File: C:/Salukat/Purificador/SoftwareDevelopment/Max_10_NEEK/Clock100MHz/clock100mhz.v Line: 69
Warning (10034): Output port "PM_I2C_SCL" at clock100mhz.v(72) has no driver File: C:/Salukat/Purificador/SoftwareDevelopment/Max_10_NEEK/Clock100MHz/clock100mhz.v Line: 72
Warning (10034): Output port "RH_TEMP_I2C_SCL" at clock100mhz.v(83) has no driver File: C:/Salukat/Purificador/SoftwareDevelopment/Max_10_NEEK/Clock100MHz/clock100mhz.v Line: 83
Warning (10034): Output port "UART_RESET_n" at clock100mhz.v(87) has no driver File: C:/Salukat/Purificador/SoftwareDevelopment/Max_10_NEEK/Clock100MHz/clock100mhz.v Line: 87
Warning (10034): Output port "UART_TX" at clock100mhz.v(89) has no driver File: C:/Salukat/Purificador/SoftwareDevelopment/Max_10_NEEK/Clock100MHz/clock100mhz.v Line: 89
Info (10041): Inferred latch for "led_value[0]" at clock100mhz.v(127) File: C:/Salukat/Purificador/SoftwareDevelopment/Max_10_NEEK/Clock100MHz/clock100mhz.v Line: 127
Info (10041): Inferred latch for "led_value[1]" at clock100mhz.v(127) File: C:/Salukat/Purificador/SoftwareDevelopment/Max_10_NEEK/Clock100MHz/clock100mhz.v Line: 127
Info (12128): Elaborating entity "pll100" for hierarchy "pll100:pll1" File: C:/Salukat/Purificador/SoftwareDevelopment/Max_10_NEEK/Clock100MHz/clock100mhz.v Line: 119
Info (12128): Elaborating entity "altpll" for hierarchy "pll100:pll1|altpll:altpll_component" File: C:/Salukat/Purificador/SoftwareDevelopment/Max_10_NEEK/Clock100MHz/pll100.v Line: 95
Info (12130): Elaborated megafunction instantiation "pll100:pll1|altpll:altpll_component" File: C:/Salukat/Purificador/SoftwareDevelopment/Max_10_NEEK/Clock100MHz/pll100.v Line: 95
Info (12133): Instantiated megafunction "pll100:pll1|altpll:altpll_component" with the following parameter: File: C:/Salukat/Purificador/SoftwareDevelopment/Max_10_NEEK/Clock100MHz/pll100.v Line: 95
    Info (12134): Parameter "bandwidth_type" = "AUTO"
    Info (12134): Parameter "clk0_divide_by" = "1"
    Info (12134): Parameter "clk0_duty_cycle" = "50"
    Info (12134): Parameter "clk0_multiply_by" = "2"
    Info (12134): Parameter "clk0_phase_shift" = "0"
    Info (12134): Parameter "compensate_clock" = "CLK0"
    Info (12134): Parameter "inclk0_input_frequency" = "20000"
    Info (12134): Parameter "intended_device_family" = "MAX 10"
    Info (12134): Parameter "lpm_hint" = "CBX_MODULE_PREFIX=pll100"
    Info (12134): Parameter "lpm_type" = "altpll"
    Info (12134): Parameter "operation_mode" = "NORMAL"
    Info (12134): Parameter "pll_type" = "AUTO"
    Info (12134): Parameter "port_activeclock" = "PORT_UNUSED"
    Info (12134): Parameter "port_areset" = "PORT_UNUSED"
    Info (12134): Parameter "port_clkbad0" = "PORT_UNUSED"
    Info (12134): Parameter "port_clkbad1" = "PORT_UNUSED"
    Info (12134): Parameter "port_clkloss" = "PORT_UNUSED"
    Info (12134): Parameter "port_clkswitch" = "PORT_UNUSED"
    Info (12134): Parameter "port_configupdate" = "PORT_UNUSED"
    Info (12134): Parameter "port_fbin" = "PORT_UNUSED"
    Info (12134): Parameter "port_inclk0" = "PORT_USED"
    Info (12134): Parameter "port_inclk1" = "PORT_UNUSED"
    Info (12134): Parameter "port_locked" = "PORT_USED"
    Info (12134): Parameter "port_pfdena" = "PORT_UNUSED"
    Info (12134): Parameter "port_phasecounterselect" = "PORT_UNUSED"
    Info (12134): Parameter "port_phasedone" = "PORT_UNUSED"
    Info (12134): Parameter "port_phasestep" = "PORT_UNUSED"
    Info (12134): Parameter "port_phaseupdown" = "PORT_UNUSED"
    Info (12134): Parameter "port_pllena" = "PORT_UNUSED"
    Info (12134): Parameter "port_scanaclr" = "PORT_UNUSED"
    Info (12134): Parameter "port_scanclk" = "PORT_UNUSED"
    Info (12134): Parameter "port_scanclkena" = "PORT_UNUSED"
    Info (12134): Parameter "port_scandata" = "PORT_UNUSED"
    Info (12134): Parameter "port_scandataout" = "PORT_UNUSED"
    Info (12134): Parameter "port_scandone" = "PORT_UNUSED"
    Info (12134): Parameter "port_scanread" = "PORT_UNUSED"
    Info (12134): Parameter "port_scanwrite" = "PORT_UNUSED"
    Info (12134): Parameter "port_clk0" = "PORT_USED"
    Info (12134): Parameter "port_clk1" = "PORT_UNUSED"
    Info (12134): Parameter "port_clk2" = "PORT_UNUSED"
    Info (12134): Parameter "port_clk3" = "PORT_UNUSED"
    Info (12134): Parameter "port_clk4" = "PORT_UNUSED"
    Info (12134): Parameter "port_clk5" = "PORT_UNUSED"
    Info (12134): Parameter "port_clkena0" = "PORT_UNUSED"
    Info (12134): Parameter "port_clkena1" = "PORT_UNUSED"
    Info (12134): Parameter "port_clkena2" = "PORT_UNUSED"
    Info (12134): Parameter "port_clkena3" = "PORT_UNUSED"
    Info (12134): Parameter "port_clkena4" = "PORT_UNUSED"
    Info (12134): Parameter "port_clkena5" = "PORT_UNUSED"
    Info (12134): Parameter "port_extclk0" = "PORT_UNUSED"
    Info (12134): Parameter "port_extclk1" = "PORT_UNUSED"
    Info (12134): Parameter "port_extclk2" = "PORT_UNUSED"
    Info (12134): Parameter "port_extclk3" = "PORT_UNUSED"
    Info (12134): Parameter "self_reset_on_loss_lock" = "OFF"
    Info (12134): Parameter "width_clock" = "5"
Info (12021): Found 1 design units, including 1 entities, in source file db/pll100_altpll.v
    Info (12023): Found entity 1: pll100_altpll File: C:/Salukat/Purificador/SoftwareDevelopment/Max_10_NEEK/Clock100MHz/db/pll100_altpll.v Line: 30
Info (12128): Elaborating entity "pll100_altpll" for hierarchy "pll100:pll1|altpll:altpll_component|pll100_altpll:auto_generated" File: c:/intelfpga_lite/20.1/quartus/libraries/megafunctions/altpll.tdf Line: 898
Info (12128): Elaborating entity "counter" for hierarchy "counter:c1" File: C:/Salukat/Purificador/SoftwareDevelopment/Max_10_NEEK/Clock100MHz/clock100mhz.v Line: 124
Info (12128): Elaborating entity "lpm_counter" for hierarchy "counter:c1|lpm_counter:LPM_COUNTER_component" File: C:/Salukat/Purificador/SoftwareDevelopment/Max_10_NEEK/Clock100MHz/counter.v Line: 65
Info (12130): Elaborated megafunction instantiation "counter:c1|lpm_counter:LPM_COUNTER_component" File: C:/Salukat/Purificador/SoftwareDevelopment/Max_10_NEEK/Clock100MHz/counter.v Line: 65
Info (12133): Instantiated megafunction "counter:c1|lpm_counter:LPM_COUNTER_component" with the following parameter: File: C:/Salukat/Purificador/SoftwareDevelopment/Max_10_NEEK/Clock100MHz/counter.v Line: 65
    Info (12134): Parameter "lpm_direction" = "UP"
    Info (12134): Parameter "lpm_modulus" = "100000000"
    Info (12134): Parameter "lpm_port_updown" = "PORT_UNUSED"
    Info (12134): Parameter "lpm_type" = "LPM_COUNTER"
    Info (12134): Parameter "lpm_width" = "27"
Info (12021): Found 1 design units, including 1 entities, in source file db/cntr_kri.tdf
    Info (12023): Found entity 1: cntr_kri File: C:/Salukat/Purificador/SoftwareDevelopment/Max_10_NEEK/Clock100MHz/db/cntr_kri.tdf Line: 28
Info (12128): Elaborating entity "cntr_kri" for hierarchy "counter:c1|lpm_counter:LPM_COUNTER_component|cntr_kri:auto_generated" File: c:/intelfpga_lite/20.1/quartus/libraries/megafunctions/lpm_counter.tdf Line: 259
Info (12021): Found 1 design units, including 1 entities, in source file db/cmpr_5tb.tdf
    Info (12023): Found entity 1: cmpr_5tb File: C:/Salukat/Purificador/SoftwareDevelopment/Max_10_NEEK/Clock100MHz/db/cmpr_5tb.tdf Line: 23
Info (12128): Elaborating entity "cmpr_5tb" for hierarchy "counter:c1|lpm_counter:LPM_COUNTER_component|cntr_kri:auto_generated|cmpr_5tb:cmpr1" File: C:/Salukat/Purificador/SoftwareDevelopment/Max_10_NEEK/Clock100MHz/db/cntr_kri.tdf Line: 170
Warning (13034): The following nodes have both tri-state and non-tri-state drivers
    Warning (13035): Inserted always-enabled tri-state buffer between "GPIOGPIO[3]" and its non-tri-state driver. File: C:/Salukat/Purificador/SoftwareDevelopment/Max_10_NEEK/Clock100MHz/clock100mhz.v Line: 93
Warning (13039): The following bidirectional pins have no drivers
    Warning (13040): bidirectional pin "AUDIO_BCLK" has no driver File: C:/Salukat/Purificador/SoftwareDevelopment/Max_10_NEEK/Clock100MHz/clock100mhz.v Line: 29
    Warning (13040): bidirectional pin "AUDIO_GPIO_MFP5" has no driver File: C:/Salukat/Purificador/SoftwareDevelopment/Max_10_NEEK/Clock100MHz/clock100mhz.v Line: 32
    Warning (13040): bidirectional pin "AUDIO_RESET_n" has no driver File: C:/Salukat/Purificador/SoftwareDevelopment/Max_10_NEEK/Clock100MHz/clock100mhz.v Line: 35
    Warning (13040): bidirectional pin "AUDIO_SDA_MOSI" has no driver File: C:/Salukat/Purificador/SoftwareDevelopment/Max_10_NEEK/Clock100MHz/clock100mhz.v Line: 38
    Warning (13040): bidirectional pin "AUDIO_WCLK" has no driver File: C:/Salukat/Purificador/SoftwareDevelopment/Max_10_NEEK/Clock100MHz/clock100mhz.v Line: 40
    Warning (13040): bidirectional pin "DAC_DATA" has no driver File: C:/Salukat/Purificador/SoftwareDevelopment/Max_10_NEEK/Clock100MHz/clock100mhz.v Line: 43
    Warning (13040): bidirectional pin "FLASH_DATA[0]" has no driver File: C:/Salukat/Purificador/SoftwareDevelopment/Max_10_NEEK/Clock100MHz/clock100mhz.v Line: 48
    Warning (13040): bidirectional pin "FLASH_DATA[1]" has no driver File: C:/Salukat/Purificador/SoftwareDevelopment/Max_10_NEEK/Clock100MHz/clock100mhz.v Line: 48
    Warning (13040): bidirectional pin "FLASH_DATA[2]" has no driver File: C:/Salukat/Purificador/SoftwareDevelopment/Max_10_NEEK/Clock100MHz/clock100mhz.v Line: 48
    Warning (13040): bidirectional pin "FLASH_DATA[3]" has no driver File: C:/Salukat/Purificador/SoftwareDevelopment/Max_10_NEEK/Clock100MHz/clock100mhz.v Line: 48
    Warning (13040): bidirectional pin "NET_MDIO" has no driver File: C:/Salukat/Purificador/SoftwareDevelopment/Max_10_NEEK/Clock100MHz/clock100mhz.v Line: 58
    Warning (13040): bidirectional pin "PM_I2C_SDA" has no driver File: C:/Salukat/Purificador/SoftwareDevelopment/Max_10_NEEK/Clock100MHz/clock100mhz.v Line: 73
    Warning (13040): bidirectional pin "PS2_CLK" has no driver File: C:/Salukat/Purificador/SoftwareDevelopment/Max_10_NEEK/Clock100MHz/clock100mhz.v Line: 76
    Warning (13040): bidirectional pin "PS2_CLK2" has no driver File: C:/Salukat/Purificador/SoftwareDevelopment/Max_10_NEEK/Clock100MHz/clock100mhz.v Line: 77
    Warning (13040): bidirectional pin "PS2_DAT" has no driver File: C:/Salukat/Purificador/SoftwareDevelopment/Max_10_NEEK/Clock100MHz/clock100mhz.v Line: 78
    Warning (13040): bidirectional pin "PS2_DAT2" has no driver File: C:/Salukat/Purificador/SoftwareDevelopment/Max_10_NEEK/Clock100MHz/clock100mhz.v Line: 79
    Warning (13040): bidirectional pin "RH_TEMP_I2C_SDA" has no driver File: C:/Salukat/Purificador/SoftwareDevelopment/Max_10_NEEK/Clock100MHz/clock100mhz.v Line: 84
    Warning (13040): bidirectional pin "GPIOGPIO[0]" has no driver File: C:/Salukat/Purificador/SoftwareDevelopment/Max_10_NEEK/Clock100MHz/clock100mhz.v Line: 93
    Warning (13040): bidirectional pin "GPIOGPIO[1]" has no driver File: C:/Salukat/Purificador/SoftwareDevelopment/Max_10_NEEK/Clock100MHz/clock100mhz.v Line: 93
    Warning (13040): bidirectional pin "GPIOGPIO[2]" has no driver File: C:/Salukat/Purificador/SoftwareDevelopment/Max_10_NEEK/Clock100MHz/clock100mhz.v Line: 93
    Warning (13040): bidirectional pin "GPIOGPIO[4]" has no driver File: C:/Salukat/Purificador/SoftwareDevelopment/Max_10_NEEK/Clock100MHz/clock100mhz.v Line: 93
    Warning (13040): bidirectional pin "GPIOGPIO[5]" has no driver File: C:/Salukat/Purificador/SoftwareDevelopment/Max_10_NEEK/Clock100MHz/clock100mhz.v Line: 93
    Warning (13040): bidirectional pin "GPIOGPIO[6]" has no driver File: C:/Salukat/Purificador/SoftwareDevelopment/Max_10_NEEK/Clock100MHz/clock100mhz.v Line: 93
    Warning (13040): bidirectional pin "GPIOGPIO[7]" has no driver File: C:/Salukat/Purificador/SoftwareDevelopment/Max_10_NEEK/Clock100MHz/clock100mhz.v Line: 93
Warning (13009): TRI or OPNDRN buffers permanently enabled
    Warning (13010): Node "GPIOGPIO[3]~synth" File: C:/Salukat/Purificador/SoftwareDevelopment/Max_10_NEEK/Clock100MHz/clock100mhz.v Line: 93
Warning (13024): Output pins are stuck at VCC or GND
    Warning (13410): Pin "LEDR[2]" is stuck at GND File: C:/Salukat/Purificador/SoftwareDevelopment/Max_10_NEEK/Clock100MHz/clock100mhz.v Line: 22
    Warning (13410): Pin "LEDR[3]" is stuck at GND File: C:/Salukat/Purificador/SoftwareDevelopment/Max_10_NEEK/Clock100MHz/clock100mhz.v Line: 22
    Warning (13410): Pin "LEDR[4]" is stuck at GND File: C:/Salukat/Purificador/SoftwareDevelopment/Max_10_NEEK/Clock100MHz/clock100mhz.v Line: 22
    Warning (13410): Pin "LEDR[5]" is stuck at GND File: C:/Salukat/Purificador/SoftwareDevelopment/Max_10_NEEK/Clock100MHz/clock100mhz.v Line: 22
    Warning (13410): Pin "LEDR[6]" is stuck at GND File: C:/Salukat/Purificador/SoftwareDevelopment/Max_10_NEEK/Clock100MHz/clock100mhz.v Line: 22
    Warning (13410): Pin "LEDR[7]" is stuck at GND File: C:/Salukat/Purificador/SoftwareDevelopment/Max_10_NEEK/Clock100MHz/clock100mhz.v Line: 22
    Warning (13410): Pin "LEDR[8]" is stuck at GND File: C:/Salukat/Purificador/SoftwareDevelopment/Max_10_NEEK/Clock100MHz/clock100mhz.v Line: 22
    Warning (13410): Pin "LEDR[9]" is stuck at GND File: C:/Salukat/Purificador/SoftwareDevelopment/Max_10_NEEK/Clock100MHz/clock100mhz.v Line: 22
    Warning (13410): Pin "HEX0[0]" is stuck at GND File: C:/Salukat/Purificador/SoftwareDevelopment/Max_10_NEEK/Clock100MHz/clock100mhz.v Line: 25
    Warning (13410): Pin "HEX0[1]" is stuck at GND File: C:/Salukat/Purificador/SoftwareDevelopment/Max_10_NEEK/Clock100MHz/clock100mhz.v Line: 25
    Warning (13410): Pin "HEX0[2]" is stuck at GND File: C:/Salukat/Purificador/SoftwareDevelopment/Max_10_NEEK/Clock100MHz/clock100mhz.v Line: 25
    Warning (13410): Pin "HEX0[3]" is stuck at GND File: C:/Salukat/Purificador/SoftwareDevelopment/Max_10_NEEK/Clock100MHz/clock100mhz.v Line: 25
    Warning (13410): Pin "HEX0[4]" is stuck at GND File: C:/Salukat/Purificador/SoftwareDevelopment/Max_10_NEEK/Clock100MHz/clock100mhz.v Line: 25
    Warning (13410): Pin "HEX0[5]" is stuck at GND File: C:/Salukat/Purificador/SoftwareDevelopment/Max_10_NEEK/Clock100MHz/clock100mhz.v Line: 25
    Warning (13410): Pin "HEX0[6]" is stuck at GND File: C:/Salukat/Purificador/SoftwareDevelopment/Max_10_NEEK/Clock100MHz/clock100mhz.v Line: 25
    Warning (13410): Pin "HEX1[0]" is stuck at GND File: C:/Salukat/Purificador/SoftwareDevelopment/Max_10_NEEK/Clock100MHz/clock100mhz.v Line: 26
    Warning (13410): Pin "HEX1[1]" is stuck at GND File: C:/Salukat/Purificador/SoftwareDevelopment/Max_10_NEEK/Clock100MHz/clock100mhz.v Line: 26
    Warning (13410): Pin "HEX1[2]" is stuck at GND File: C:/Salukat/Purificador/SoftwareDevelopment/Max_10_NEEK/Clock100MHz/clock100mhz.v Line: 26
    Warning (13410): Pin "HEX1[3]" is stuck at GND File: C:/Salukat/Purificador/SoftwareDevelopment/Max_10_NEEK/Clock100MHz/clock100mhz.v Line: 26
    Warning (13410): Pin "HEX1[4]" is stuck at GND File: C:/Salukat/Purificador/SoftwareDevelopment/Max_10_NEEK/Clock100MHz/clock100mhz.v Line: 26
    Warning (13410): Pin "HEX1[5]" is stuck at GND File: C:/Salukat/Purificador/SoftwareDevelopment/Max_10_NEEK/Clock100MHz/clock100mhz.v Line: 26
    Warning (13410): Pin "HEX1[6]" is stuck at GND File: C:/Salukat/Purificador/SoftwareDevelopment/Max_10_NEEK/Clock100MHz/clock100mhz.v Line: 26
    Warning (13410): Pin "AUDIO_DIN_MFP1" is stuck at GND File: C:/Salukat/Purificador/SoftwareDevelopment/Max_10_NEEK/Clock100MHz/clock100mhz.v Line: 30
    Warning (13410): Pin "AUDIO_MCLK" is stuck at GND File: C:/Salukat/Purificador/SoftwareDevelopment/Max_10_NEEK/Clock100MHz/clock100mhz.v Line: 33
    Warning (13410): Pin "AUDIO_SCL_SS_n" is stuck at GND File: C:/Salukat/Purificador/SoftwareDevelopment/Max_10_NEEK/Clock100MHz/clock100mhz.v Line: 36
    Warning (13410): Pin "AUDIO_SCLK_MFP3" is stuck at GND File: C:/Salukat/Purificador/SoftwareDevelopment/Max_10_NEEK/Clock100MHz/clock100mhz.v Line: 37
    Warning (13410): Pin "AUDIO_SPI_SELECT" is stuck at GND File: C:/Salukat/Purificador/SoftwareDevelopment/Max_10_NEEK/Clock100MHz/clock100mhz.v Line: 39
    Warning (13410): Pin "DAC_SCLK" is stuck at GND File: C:/Salukat/Purificador/SoftwareDevelopment/Max_10_NEEK/Clock100MHz/clock100mhz.v Line: 44
    Warning (13410): Pin "DAC_SYNC_n" is stuck at GND File: C:/Salukat/Purificador/SoftwareDevelopment/Max_10_NEEK/Clock100MHz/clock100mhz.v Line: 45
    Warning (13410): Pin "FLASH_DCLK" is stuck at GND File: C:/Salukat/Purificador/SoftwareDevelopment/Max_10_NEEK/Clock100MHz/clock100mhz.v Line: 49
    Warning (13410): Pin "FLASH_NCSO" is stuck at GND File: C:/Salukat/Purificador/SoftwareDevelopment/Max_10_NEEK/Clock100MHz/clock100mhz.v Line: 50
    Warning (13410): Pin "FLASH_RESET_n" is stuck at GND File: C:/Salukat/Purificador/SoftwareDevelopment/Max_10_NEEK/Clock100MHz/clock100mhz.v Line: 51
    Warning (13410): Pin "NET_GTX_CLK" is stuck at GND File: C:/Salukat/Purificador/SoftwareDevelopment/Max_10_NEEK/Clock100MHz/clock100mhz.v Line: 54
    Warning (13410): Pin "NET_MDC" is stuck at GND File: C:/Salukat/Purificador/SoftwareDevelopment/Max_10_NEEK/Clock100MHz/clock100mhz.v Line: 57
    Warning (13410): Pin "NET_RST_N" is stuck at GND File: C:/Salukat/Purificador/SoftwareDevelopment/Max_10_NEEK/Clock100MHz/clock100mhz.v Line: 59
    Warning (13410): Pin "NET_TX_D[0]" is stuck at GND File: C:/Salukat/Purificador/SoftwareDevelopment/Max_10_NEEK/Clock100MHz/clock100mhz.v Line: 67
    Warning (13410): Pin "NET_TX_D[1]" is stuck at GND File: C:/Salukat/Purificador/SoftwareDevelopment/Max_10_NEEK/Clock100MHz/clock100mhz.v Line: 67
    Warning (13410): Pin "NET_TX_D[2]" is stuck at GND File: C:/Salukat/Purificador/SoftwareDevelopment/Max_10_NEEK/Clock100MHz/clock100mhz.v Line: 67
    Warning (13410): Pin "NET_TX_D[3]" is stuck at GND File: C:/Salukat/Purificador/SoftwareDevelopment/Max_10_NEEK/Clock100MHz/clock100mhz.v Line: 67
    Warning (13410): Pin "NET_TX_EN" is stuck at GND File: C:/Salukat/Purificador/SoftwareDevelopment/Max_10_NEEK/Clock100MHz/clock100mhz.v Line: 68
    Warning (13410): Pin "NET_TX_ER" is stuck at GND File: C:/Salukat/Purificador/SoftwareDevelopment/Max_10_NEEK/Clock100MHz/clock100mhz.v Line: 69
    Warning (13410): Pin "PM_I2C_SCL" is stuck at GND File: C:/Salukat/Purificador/SoftwareDevelopment/Max_10_NEEK/Clock100MHz/clock100mhz.v Line: 72
    Warning (13410): Pin "RH_TEMP_I2C_SCL" is stuck at GND File: C:/Salukat/Purificador/SoftwareDevelopment/Max_10_NEEK/Clock100MHz/clock100mhz.v Line: 83
    Warning (13410): Pin "UART_RESET_n" is stuck at GND File: C:/Salukat/Purificador/SoftwareDevelopment/Max_10_NEEK/Clock100MHz/clock100mhz.v Line: 87
    Warning (13410): Pin "UART_TX" is stuck at GND File: C:/Salukat/Purificador/SoftwareDevelopment/Max_10_NEEK/Clock100MHz/clock100mhz.v Line: 89
Info (286030): Timing-Driven Synthesis is running
Info (16010): Generating hard_block partition "hard_block:auto_generated_inst"
    Info (16011): Adding 1 node(s), including 0 DDIO, 1 PLL, 0 transceiver and 0 LCELL
Warning (21074): Design contains 35 input pin(s) that do not drive logic
    Warning (15610): No output dependent on input pin "ADC_CLK_10" File: C:/Salukat/Purificador/SoftwareDevelopment/Max_10_NEEK/Clock100MHz/clock100mhz.v Line: 9
    Warning (15610): No output dependent on input pin "MAX10_CLK2_50" File: C:/Salukat/Purificador/SoftwareDevelopment/Max_10_NEEK/Clock100MHz/clock100mhz.v Line: 11
    Warning (15610): No output dependent on input pin "MAX10_CLK3_50" File: C:/Salukat/Purificador/SoftwareDevelopment/Max_10_NEEK/Clock100MHz/clock100mhz.v Line: 12
    Warning (15610): No output dependent on input pin "FPGA_RESET_n" File: C:/Salukat/Purificador/SoftwareDevelopment/Max_10_NEEK/Clock100MHz/clock100mhz.v Line: 15
    Warning (15610): No output dependent on input pin "KEY[0]" File: C:/Salukat/Purificador/SoftwareDevelopment/Max_10_NEEK/Clock100MHz/clock100mhz.v Line: 16
    Warning (15610): No output dependent on input pin "KEY[1]" File: C:/Salukat/Purificador/SoftwareDevelopment/Max_10_NEEK/Clock100MHz/clock100mhz.v Line: 16
    Warning (15610): No output dependent on input pin "KEY[2]" File: C:/Salukat/Purificador/SoftwareDevelopment/Max_10_NEEK/Clock100MHz/clock100mhz.v Line: 16
    Warning (15610): No output dependent on input pin "KEY[3]" File: C:/Salukat/Purificador/SoftwareDevelopment/Max_10_NEEK/Clock100MHz/clock100mhz.v Line: 16
    Warning (15610): No output dependent on input pin "KEY[4]" File: C:/Salukat/Purificador/SoftwareDevelopment/Max_10_NEEK/Clock100MHz/clock100mhz.v Line: 16
    Warning (15610): No output dependent on input pin "SW[0]" File: C:/Salukat/Purificador/SoftwareDevelopment/Max_10_NEEK/Clock100MHz/clock100mhz.v Line: 19
    Warning (15610): No output dependent on input pin "SW[1]" File: C:/Salukat/Purificador/SoftwareDevelopment/Max_10_NEEK/Clock100MHz/clock100mhz.v Line: 19
    Warning (15610): No output dependent on input pin "SW[2]" File: C:/Salukat/Purificador/SoftwareDevelopment/Max_10_NEEK/Clock100MHz/clock100mhz.v Line: 19
    Warning (15610): No output dependent on input pin "SW[3]" File: C:/Salukat/Purificador/SoftwareDevelopment/Max_10_NEEK/Clock100MHz/clock100mhz.v Line: 19
    Warning (15610): No output dependent on input pin "SW[4]" File: C:/Salukat/Purificador/SoftwareDevelopment/Max_10_NEEK/Clock100MHz/clock100mhz.v Line: 19
    Warning (15610): No output dependent on input pin "SW[5]" File: C:/Salukat/Purificador/SoftwareDevelopment/Max_10_NEEK/Clock100MHz/clock100mhz.v Line: 19
    Warning (15610): No output dependent on input pin "SW[6]" File: C:/Salukat/Purificador/SoftwareDevelopment/Max_10_NEEK/Clock100MHz/clock100mhz.v Line: 19
    Warning (15610): No output dependent on input pin "SW[7]" File: C:/Salukat/Purificador/SoftwareDevelopment/Max_10_NEEK/Clock100MHz/clock100mhz.v Line: 19
    Warning (15610): No output dependent on input pin "SW[8]" File: C:/Salukat/Purificador/SoftwareDevelopment/Max_10_NEEK/Clock100MHz/clock100mhz.v Line: 19
    Warning (15610): No output dependent on input pin "SW[9]" File: C:/Salukat/Purificador/SoftwareDevelopment/Max_10_NEEK/Clock100MHz/clock100mhz.v Line: 19
    Warning (15610): No output dependent on input pin "AUDIO_DOUT_MFP2" File: C:/Salukat/Purificador/SoftwareDevelopment/Max_10_NEEK/Clock100MHz/clock100mhz.v Line: 31
    Warning (15610): No output dependent on input pin "AUDIO_MISO_MFP4" File: C:/Salukat/Purificador/SoftwareDevelopment/Max_10_NEEK/Clock100MHz/clock100mhz.v Line: 34
    Warning (15610): No output dependent on input pin "NET_INT_n" File: C:/Salukat/Purificador/SoftwareDevelopment/Max_10_NEEK/Clock100MHz/clock100mhz.v Line: 55
    Warning (15610): No output dependent on input pin "NET_LINK100" File: C:/Salukat/Purificador/SoftwareDevelopment/Max_10_NEEK/Clock100MHz/clock100mhz.v Line: 56
    Warning (15610): No output dependent on input pin "NET_RX_CLK" File: C:/Salukat/Purificador/SoftwareDevelopment/Max_10_NEEK/Clock100MHz/clock100mhz.v Line: 60
    Warning (15610): No output dependent on input pin "NET_RX_COL" File: C:/Salukat/Purificador/SoftwareDevelopment/Max_10_NEEK/Clock100MHz/clock100mhz.v Line: 61
    Warning (15610): No output dependent on input pin "NET_RX_CRS" File: C:/Salukat/Purificador/SoftwareDevelopment/Max_10_NEEK/Clock100MHz/clock100mhz.v Line: 62
    Warning (15610): No output dependent on input pin "NET_RX_D[0]" File: C:/Salukat/Purificador/SoftwareDevelopment/Max_10_NEEK/Clock100MHz/clock100mhz.v Line: 63
    Warning (15610): No output dependent on input pin "NET_RX_D[1]" File: C:/Salukat/Purificador/SoftwareDevelopment/Max_10_NEEK/Clock100MHz/clock100mhz.v Line: 63
    Warning (15610): No output dependent on input pin "NET_RX_D[2]" File: C:/Salukat/Purificador/SoftwareDevelopment/Max_10_NEEK/Clock100MHz/clock100mhz.v Line: 63
    Warning (15610): No output dependent on input pin "NET_RX_D[3]" File: C:/Salukat/Purificador/SoftwareDevelopment/Max_10_NEEK/Clock100MHz/clock100mhz.v Line: 63
    Warning (15610): No output dependent on input pin "NET_RX_DV" File: C:/Salukat/Purificador/SoftwareDevelopment/Max_10_NEEK/Clock100MHz/clock100mhz.v Line: 64
    Warning (15610): No output dependent on input pin "NET_RX_ER" File: C:/Salukat/Purificador/SoftwareDevelopment/Max_10_NEEK/Clock100MHz/clock100mhz.v Line: 65
    Warning (15610): No output dependent on input pin "NET_TX_CLK" File: C:/Salukat/Purificador/SoftwareDevelopment/Max_10_NEEK/Clock100MHz/clock100mhz.v Line: 66
    Warning (15610): No output dependent on input pin "RH_TEMP_DRDY_n" File: C:/Salukat/Purificador/SoftwareDevelopment/Max_10_NEEK/Clock100MHz/clock100mhz.v Line: 82
    Warning (15610): No output dependent on input pin "UART_RX" File: C:/Salukat/Purificador/SoftwareDevelopment/Max_10_NEEK/Clock100MHz/clock100mhz.v Line: 88
Info (21057): Implemented 156 device resources after synthesis - the final resource count might be different
    Info (21058): Implemented 36 input pins
    Info (21059): Implemented 47 output pins
    Info (21060): Implemented 25 bidirectional pins
    Info (21061): Implemented 47 logic cells
    Info (21065): Implemented 1 PLLs
Info: Quartus Prime Analysis & Synthesis was successful. 0 errors, 137 warnings
    Info: Peak virtual memory: 4812 megabytes
    Info: Processing ended: Sat Feb 06 19:10:32 2021
    Info: Elapsed time: 00:00:14
    Info: Total CPU time (on all processors): 00:00:31


