20:18:31 **** Incremental Build of configuration Nios II for project LTC5548_lib ****
wsl make all 
Info: Building ../../../LMX2694/software/lmx2694_lib
make --no-print-directory -C ../../../LMX2694/software/lmx2694_lib
Info: Building ../../../LTC5548/software/LTC5548_BSP
make --no-print-directory -C ../../../LTC5548/software/LTC5548_BSP
[BSP build complete]
Info: Compiling lmx2694Handler.cpp to obj/default/lmx2694Handler.o
nios2-elf-gcc.exe -xc++ -MP -MMD -c -I../../../LTC5548/software/LTC5548_BSP/HAL/inc -I../../../LTC5548/software/LTC5548_BSP -I../../../LTC5548/software/LTC5548_BSP/drivers/inc -I./  -pipe -D__hal__ -DALT_NO_INSTRUCTION_EMULATION -DALT_SINGLE_THREADED    -DONLY_LOCK_SIGNAL  -O0 -g -Wall   -mno-hw-div -mno-hw-mul -mno-hw-mulx -mgpopt=global  -o obj/default/lmx2694Handler.o lmx2694Handler.cpp
Info: Archiving obj/default/liblmx2694_lib.a
rm -f obj/default/liblmx2694_lib.a
mkdir -p obj/default
nios2-elf-ar.exe  -src obj/default/liblmx2694_lib.a obj/default/PLLLOCKEDCAPTURE.o obj/default/SPIHandler.o obj/default/lmx2694Handler.o
cp -f obj/default/liblmx2694_lib.a liblmx2694_lib.a
Info: Building ../LTC5548_BSP/
make --no-print-directory -C ../LTC5548_BSP/
[BSP build complete]
Info: Compiling LTC5548HANDLER.cpp to obj/default/LTC5548HANDLER.o
nios2-elf-gcc.exe -xc++ -MP -MMD -c -I../LTC5548_BSP//HAL/inc -I../LTC5548_BSP/ -I../LTC5548_BSP//drivers/inc -I../../../LMX2694/software/lmx2694_lib  -pipe -D__hal__ -DALT_NO_INSTRUCTION_EMULATION -DALT_SINGLE_THREADED      -O0 -g -Wall   -mno-hw-div -mno-hw-mul -mno-hw-mulx -mgpopt=global  -o obj/default/LTC5548HANDLER.o LTC5548HANDLER.cpp
Info: Archiving obj/default/libLTC5548_lib.a
rm -f obj/default/libLTC5548_lib.a
mkdir -p obj/default
nios2-elf-ar.exe  -src obj/default/libLTC5548_lib.a obj/default/LTC5548HANDLER.o
cp -f obj/default/libLTC5548_lib.a libLTC5548_lib.a

20:18:35 Build Finished (took 4s.18ms)

