Flow report for ADC_Converter
Thu Feb 18 20:00:21 2021
Quartus Prime Version 20.1.0 Build 711 06/05/2020 SJ Lite Edition


---------------------
; Table of Contents ;
---------------------
  1. Legal Notice
  2. Flow Summary
  3. Flow Settings
  4. Flow Non-Default Global Settings
  5. Flow Elapsed Time
  6. Flow OS Summary
  7. Flow Log
  8. Flow Messages
  9. Flow Suppressed Messages



----------------
; Legal Notice ;
----------------
Copyright (C) 2020  Intel Corporation. All rights reserved.
Your use of Intel Corporation's design tools, logic functions 
and other software and tools, and any partner logic 
functions, and any output files from any of the foregoing 
(including device programming or simulation files), and any 
associated documentation or information are expressly subject 
to the terms and conditions of the Intel Program License 
Subscription Agreement, the Intel Quartus Prime License Agreement,
the Intel FPGA IP License Agreement, or other applicable license
agreement, including, without limitation, that your use is for
the sole purpose of programming logic devices manufactured by
Intel and sold by Intel or its authorized distributors.  Please
refer to the applicable agreement for further details, at
https://fpgasoftware.intel.com/eula.



+----------------------------------------------------------------------------------+
; Flow Summary                                                                     ;
+------------------------------------+---------------------------------------------+
; Flow Status                        ; Successful - Thu Feb 18 20:00:15 2021       ;
; Quartus Prime Version              ; 20.1.0 Build 711 06/05/2020 SJ Lite Edition ;
; Revision Name                      ; ADC_Converter                               ;
; Top-level Entity Name              ; ADC_Converter                               ;
; Family                             ; MAX 10                                      ;
; Device                             ; 10M50DAF484C6GES                            ;
; Timing Models                      ; Preliminary                                 ;
; Total logic elements               ; 203 / 49,760 ( < 1 % )                      ;
;     Total combinational functions  ; 189 / 49,760 ( < 1 % )                      ;
;     Dedicated logic registers      ; 74 / 49,760 ( < 1 % )                       ;
; Total registers                    ; 74                                          ;
; Total pins                         ; 80 / 360 ( 22 % )                           ;
; Total virtual pins                 ; 0                                           ;
; Total memory bits                  ; 0 / 1,677,312 ( 0 % )                       ;
; Embedded Multiplier 9-bit elements ; 0 / 288 ( 0 % )                             ;
; Total PLLs                         ; 2 / 4 ( 50 % )                              ;
; UFM blocks                         ; 0 / 1 ( 0 % )                               ;
; ADC blocks                         ; 1 / 2 ( 50 % )                              ;
+------------------------------------+---------------------------------------------+


+-----------------------------------------+
; Flow Settings                           ;
+-------------------+---------------------+
; Option            ; Setting             ;
+-------------------+---------------------+
; Start date & time ; 02/18/2021 19:59:41 ;
; Main task         ; Compilation         ;
; Revision Name     ; ADC_Converter       ;
+-------------------+---------------------+


+----------------------------------------------------------------------------------------------------------------------------------------------------------+
; Flow Non-Default Global Settings                                                                                                                         ;
+-------------------------------------+--------------------------------------------------------------------+---------------+------------------+------------+
; Assignment Name                     ; Value                                                              ; Default Value ; Entity Name      ; Section Id ;
+-------------------------------------+--------------------------------------------------------------------+---------------+------------------+------------+
; COMPILER_SIGNATURE_ID               ; 220837864969264.161367478116068                                    ; --            ; --               ; --         ;
; MAX_CORE_JUNCTION_TEMP              ; 85                                                                 ; --            ; --               ; --         ;
; MIN_CORE_JUNCTION_TEMP              ; 0                                                                  ; --            ; --               ; --         ;
; MISC_FILE                           ; anain2_converter/synthesis/../anain2_converter.cmp                 ; --            ; --               ; --         ;
; MISC_FILE                           ; anain2_converter/synthesis/../../anain2_converter.qsys             ; --            ; --               ; --         ;
; MISC_FILE                           ; pll10_bb.v                                                         ; --            ; --               ; --         ;
; MISC_FILE                           ; pll10.ppf                                                          ; --            ; --               ; --         ;
; MISC_FILE                           ; pll100_bb.v                                                        ; --            ; --               ; --         ;
; MISC_FILE                           ; pll100.ppf                                                         ; --            ; --               ; --         ;
; MISC_FILE                           ; pll100_syn.v                                                       ; --            ; --               ; --         ;
; PARTITION_COLOR                     ; -- (Not supported for targeted family)                             ; --            ; --               ; Top        ;
; PARTITION_FITTER_PRESERVATION_LEVEL ; -- (Not supported for targeted family)                             ; --            ; --               ; Top        ;
; PARTITION_NETLIST_TYPE              ; -- (Not supported for targeted family)                             ; --            ; --               ; Top        ;
; POWER_BOARD_THERMAL_MODEL           ; None (CONSERVATIVE)                                                ; --            ; --               ; --         ;
; POWER_PRESET_COOLING_SOLUTION       ; 23 MM HEAT SINK WITH 200 LFPM AIRFLOW                              ; --            ; --               ; --         ;
; SLD_FILE                            ; anain2_converter/synthesis/anain2_converter.debuginfo              ; --            ; --               ; --         ;
; SLD_INFO                            ; QSYS_NAME anain2_converter HAS_SOPCINFO 1 GENERATION_ID 1613669711 ; --            ; anain2_converter ; --         ;
; SOPCINFO_FILE                       ; anain2_converter/synthesis/../../anain2_converter.sopcinfo         ; --            ; --               ; --         ;
; SYNTHESIS_ONLY_QIP                  ; On                                                                 ; --            ; --               ; --         ;
+-------------------------------------+--------------------------------------------------------------------+---------------+------------------+------------+


+--------------------------------------------------------------------------------------------------------------------------+
; Flow Elapsed Time                                                                                                        ;
+----------------------+--------------+-------------------------+---------------------+------------------------------------+
; Module Name          ; Elapsed Time ; Average Processors Used ; Peak Virtual Memory ; Total CPU Time (on all processors) ;
+----------------------+--------------+-------------------------+---------------------+------------------------------------+
; Analysis & Synthesis ; 00:00:15     ; 1.0                     ; 4821 MB             ; 00:00:32                           ;
; Fitter               ; 00:00:12     ; 1.1                     ; 5931 MB             ; 00:00:18                           ;
; Assembler            ; 00:00:04     ; 1.0                     ; 4690 MB             ; 00:00:03                           ;
; Timing Analyzer      ; 00:00:04     ; 1.1                     ; 4873 MB             ; 00:00:04                           ;
; Total                ; 00:00:35     ; --                      ; --                  ; 00:00:57                           ;
+----------------------+--------------+-------------------------+---------------------+------------------------------------+


+------------------------------------------------------------------------------------+
; Flow OS Summary                                                                    ;
+----------------------+------------------+------------+------------+----------------+
; Module Name          ; Machine Hostname ; OS Name    ; OS Version ; Processor type ;
+----------------------+------------------+------------+------------+----------------+
; Analysis & Synthesis ; DESKTOP-F6HDU1B  ; Windows 10 ; 10.0       ; x86_64         ;
; Fitter               ; DESKTOP-F6HDU1B  ; Windows 10 ; 10.0       ; x86_64         ;
; Assembler            ; DESKTOP-F6HDU1B  ; Windows 10 ; 10.0       ; x86_64         ;
; Timing Analyzer      ; DESKTOP-F6HDU1B  ; Windows 10 ; 10.0       ; x86_64         ;
+----------------------+------------------+------------+------------+----------------+


------------
; Flow Log ;
------------
quartus_map --read_settings_files=on --write_settings_files=off ADC_Converter -c ADC_Converter
quartus_fit --read_settings_files=off --write_settings_files=off ADC_Converter -c ADC_Converter
quartus_asm --read_settings_files=off --write_settings_files=off ADC_Converter -c ADC_Converter
quartus_sta ADC_Converter -c ADC_Converter



