Info: Starting: Create block symbol file (.bsf)
Info: qsys-generate C:\Salukat\Purificador\SoftwareDevelopment\Max_10_NEEK\LTC5548\ltc5548_sys.qsys --block-symbol-file --output-directory=C:\Salukat\Purificador\SoftwareDevelopment\Max_10_NEEK\LTC5548\ltc5548_sys --family="MAX 10" --part=10M50DAF484C6GES
Progress: Loading LTC5548/ltc5548_sys.qsys
Progress: Reading input file
Progress: Adding adc_in2_ch0_converter_0 [adc_in2_ch0_converter 1.0]
Progress: Parameterizing module adc_in2_ch0_converter_0
Progress: Adding clk_0 [clock_source 20.1]
Progress: Parameterizing module clk_0
Progress: Adding index_fft_0 [index_fft 1.0]
Progress: Parameterizing module index_fft_0
Progress: Adding jtag_uart_0 [altera_avalon_jtag_uart 20.1]
Progress: Parameterizing module jtag_uart_0
Progress: Adding nios2_gen2_0 [altera_nios2_gen2 20.1]
Progress: Parameterizing module nios2_gen2_0
Progress: Adding onchip_memory2_0 [altera_avalon_onchip_memory2 20.1]
Progress: Parameterizing module onchip_memory2_0
Progress: Adding pio_0 [altera_avalon_pio 20.1]
Progress: Parameterizing module pio_0
Progress: Adding pio_1 [altera_avalon_pio 20.1]
Progress: Parameterizing module pio_1
Progress: Adding pio_2 [altera_avalon_pio 20.1]
Progress: Parameterizing module pio_2
Progress: Adding pio_3 [altera_avalon_pio 20.1]
Progress: Parameterizing module pio_3
Progress: Adding spi_0 [altera_avalon_spi 20.1]
Progress: Parameterizing module spi_0
Progress: Adding timer_0 [altera_avalon_timer 20.1]
Progress: Parameterizing module timer_0
Progress: Building connections
Progress: Parameterizing connections
Progress: Validating
Progress: Done reading input file
Info: ltc5548_sys.jtag_uart_0: JTAG UART IP input clock need to be at least double (2x) the operating frequency of JTAG TCK on board
Info: ltc5548_sys.pio_0: PIO inputs are not hardwired in test bench. Undefined values will be read from PIO inputs during simulation.
Info: ltc5548_sys.pio_1: PIO inputs are not hardwired in test bench. Undefined values will be read from PIO inputs during simulation.
Info: ltc5548_sys.pio_2: PIO inputs are not hardwired in test bench. Undefined values will be read from PIO inputs during simulation.
Info: qsys-generate succeeded.
Info: Finished: Create block symbol file (.bsf)
Info: 
Info: Starting: Create HDL design files for synthesis
Info: qsys-generate C:\Salukat\Purificador\SoftwareDevelopment\Max_10_NEEK\LTC5548\ltc5548_sys.qsys --synthesis=VERILOG --output-directory=C:\Salukat\Purificador\SoftwareDevelopment\Max_10_NEEK\LTC5548\ltc5548_sys\synthesis --family="MAX 10" --part=10M50DAF484C6GES
Progress: Loading LTC5548/ltc5548_sys.qsys
Progress: Reading input file
Progress: Adding adc_in2_ch0_converter_0 [adc_in2_ch0_converter 1.0]
Progress: Parameterizing module adc_in2_ch0_converter_0
Progress: Adding clk_0 [clock_source 20.1]
Progress: Parameterizing module clk_0
Progress: Adding index_fft_0 [index_fft 1.0]
Progress: Parameterizing module index_fft_0
Progress: Adding jtag_uart_0 [altera_avalon_jtag_uart 20.1]
Progress: Parameterizing module jtag_uart_0
Progress: Adding nios2_gen2_0 [altera_nios2_gen2 20.1]
Progress: Parameterizing module nios2_gen2_0
Progress: Adding onchip_memory2_0 [altera_avalon_onchip_memory2 20.1]
Progress: Parameterizing module onchip_memory2_0
Progress: Adding pio_0 [altera_avalon_pio 20.1]
Progress: Parameterizing module pio_0
Progress: Adding pio_1 [altera_avalon_pio 20.1]
Progress: Parameterizing module pio_1
Progress: Adding pio_2 [altera_avalon_pio 20.1]
Progress: Parameterizing module pio_2
Progress: Adding pio_3 [altera_avalon_pio 20.1]
Progress: Parameterizing module pio_3
Progress: Adding spi_0 [altera_avalon_spi 20.1]
Progress: Parameterizing module spi_0
Progress: Adding timer_0 [altera_avalon_timer 20.1]
Progress: Parameterizing module timer_0
Progress: Building connections
Progress: Parameterizing connections
Progress: Validating
Progress: Done reading input file
Info: ltc5548_sys.jtag_uart_0: JTAG UART IP input clock need to be at least double (2x) the operating frequency of JTAG TCK on board
Info: ltc5548_sys.pio_0: PIO inputs are not hardwired in test bench. Undefined values will be read from PIO inputs during simulation.
Info: ltc5548_sys.pio_1: PIO inputs are not hardwired in test bench. Undefined values will be read from PIO inputs during simulation.
Info: ltc5548_sys.pio_2: PIO inputs are not hardwired in test bench. Undefined values will be read from PIO inputs during simulation.
Info: ltc5548_sys: Generating ltc5548_sys "ltc5548_sys" for QUARTUS_SYNTH
Info: adc_in2_ch0_converter_0: "ltc5548_sys" instantiated adc_in2_ch0_converter "adc_in2_ch0_converter_0"
Info: index_fft_0: "ltc5548_sys" instantiated index_fft "index_fft_0"
Info: jtag_uart_0: Starting RTL generation for module 'ltc5548_sys_jtag_uart_0'
Info: jtag_uart_0:   Generation command is [exec C:/intelfpga_lite/20.1/quartus/bin64/perl/bin/perl.exe -I C:/intelfpga_lite/20.1/quartus/bin64/perl/lib -I C:/intelfpga_lite/20.1/quartus/sopc_builder/bin/europa -I C:/intelfpga_lite/20.1/quartus/sopc_builder/bin -I C:/intelfpga_lite/20.1/quartus/../ip/altera/sopc_builder_ip/common -I C:/intelfpga_lite/20.1/quartus/../ip/altera/sopc_builder_ip/altera_avalon_jtag_uart -- C:/intelfpga_lite/20.1/quartus/../ip/altera/sopc_builder_ip/altera_avalon_jtag_uart/generate_rtl.pl --name=ltc5548_sys_jtag_uart_0 --dir=C:/Users/giova/AppData/Local/Temp/alt8679_3769222847202814551.dir/0004_jtag_uart_0_gen/ --quartus_dir=C:/intelfpga_lite/20.1/quartus --verilog --config=C:/Users/giova/AppData/Local/Temp/alt8679_3769222847202814551.dir/0004_jtag_uart_0_gen//ltc5548_sys_jtag_uart_0_component_configuration.pl  --do_build_sim=0  ]
Info: jtag_uart_0: Done RTL generation for module 'ltc5548_sys_jtag_uart_0'
Info: jtag_uart_0: "ltc5548_sys" instantiated altera_avalon_jtag_uart "jtag_uart_0"
Info: nios2_gen2_0: "ltc5548_sys" instantiated altera_nios2_gen2 "nios2_gen2_0"
Info: onchip_memory2_0: Starting RTL generation for module 'ltc5548_sys_onchip_memory2_0'
Info: onchip_memory2_0:   Generation command is [exec C:/intelfpga_lite/20.1/quartus/bin64/perl/bin/perl.exe -I C:/intelfpga_lite/20.1/quartus/bin64/perl/lib -I C:/intelfpga_lite/20.1/quartus/sopc_builder/bin/europa -I C:/intelfpga_lite/20.1/quartus/sopc_builder/bin -I C:/intelfpga_lite/20.1/quartus/../ip/altera/sopc_builder_ip/common -I C:/intelfpga_lite/20.1/quartus/../ip/altera/sopc_builder_ip/altera_avalon_onchip_memory2 -- C:/intelfpga_lite/20.1/quartus/../ip/altera/sopc_builder_ip/altera_avalon_onchip_memory2/generate_rtl.pl --name=ltc5548_sys_onchip_memory2_0 --dir=C:/Users/giova/AppData/Local/Temp/alt8679_3769222847202814551.dir/0005_onchip_memory2_0_gen/ --quartus_dir=C:/intelfpga_lite/20.1/quartus --verilog --config=C:/Users/giova/AppData/Local/Temp/alt8679_3769222847202814551.dir/0005_onchip_memory2_0_gen//ltc5548_sys_onchip_memory2_0_component_configuration.pl  --do_build_sim=0  ]
Info: onchip_memory2_0: Done RTL generation for module 'ltc5548_sys_onchip_memory2_0'
Info: onchip_memory2_0: "ltc5548_sys" instantiated altera_avalon_onchip_memory2 "onchip_memory2_0"
Info: pio_0: Starting RTL generation for module 'ltc5548_sys_pio_0'
Info: pio_0:   Generation command is [exec C:/intelfpga_lite/20.1/quartus/bin64/perl/bin/perl.exe -I C:/intelfpga_lite/20.1/quartus/bin64/perl/lib -I C:/intelfpga_lite/20.1/quartus/sopc_builder/bin/europa -I C:/intelfpga_lite/20.1/quartus/sopc_builder/bin -I C:/intelfpga_lite/20.1/quartus/../ip/altera/sopc_builder_ip/common -I C:/intelfpga_lite/20.1/quartus/../ip/altera/sopc_builder_ip/altera_avalon_pio -- C:/intelfpga_lite/20.1/quartus/../ip/altera/sopc_builder_ip/altera_avalon_pio/generate_rtl.pl --name=ltc5548_sys_pio_0 --dir=C:/Users/giova/AppData/Local/Temp/alt8679_3769222847202814551.dir/0006_pio_0_gen/ --quartus_dir=C:/intelfpga_lite/20.1/quartus --verilog --config=C:/Users/giova/AppData/Local/Temp/alt8679_3769222847202814551.dir/0006_pio_0_gen//ltc5548_sys_pio_0_component_configuration.pl  --do_build_sim=0  ]
Info: pio_0: Done RTL generation for module 'ltc5548_sys_pio_0'
Info: pio_0: "ltc5548_sys" instantiated altera_avalon_pio "pio_0"
Info: pio_1: Starting RTL generation for module 'ltc5548_sys_pio_1'
Info: pio_1:   Generation command is [exec C:/intelfpga_lite/20.1/quartus/bin64/perl/bin/perl.exe -I C:/intelfpga_lite/20.1/quartus/bin64/perl/lib -I C:/intelfpga_lite/20.1/quartus/sopc_builder/bin/europa -I C:/intelfpga_lite/20.1/quartus/sopc_builder/bin -I C:/intelfpga_lite/20.1/quartus/../ip/altera/sopc_builder_ip/common -I C:/intelfpga_lite/20.1/quartus/../ip/altera/sopc_builder_ip/altera_avalon_pio -- C:/intelfpga_lite/20.1/quartus/../ip/altera/sopc_builder_ip/altera_avalon_pio/generate_rtl.pl --name=ltc5548_sys_pio_1 --dir=C:/Users/giova/AppData/Local/Temp/alt8679_3769222847202814551.dir/0007_pio_1_gen/ --quartus_dir=C:/intelfpga_lite/20.1/quartus --verilog --config=C:/Users/giova/AppData/Local/Temp/alt8679_3769222847202814551.dir/0007_pio_1_gen//ltc5548_sys_pio_1_component_configuration.pl  --do_build_sim=0  ]
Info: pio_1: Done RTL generation for module 'ltc5548_sys_pio_1'
Info: pio_1: "ltc5548_sys" instantiated altera_avalon_pio "pio_1"
Info: pio_2: Starting RTL generation for module 'ltc5548_sys_pio_2'
Info: pio_2:   Generation command is [exec C:/intelfpga_lite/20.1/quartus/bin64/perl/bin/perl.exe -I C:/intelfpga_lite/20.1/quartus/bin64/perl/lib -I C:/intelfpga_lite/20.1/quartus/sopc_builder/bin/europa -I C:/intelfpga_lite/20.1/quartus/sopc_builder/bin -I C:/intelfpga_lite/20.1/quartus/../ip/altera/sopc_builder_ip/common -I C:/intelfpga_lite/20.1/quartus/../ip/altera/sopc_builder_ip/altera_avalon_pio -- C:/intelfpga_lite/20.1/quartus/../ip/altera/sopc_builder_ip/altera_avalon_pio/generate_rtl.pl --name=ltc5548_sys_pio_2 --dir=C:/Users/giova/AppData/Local/Temp/alt8679_3769222847202814551.dir/0008_pio_2_gen/ --quartus_dir=C:/intelfpga_lite/20.1/quartus --verilog --config=C:/Users/giova/AppData/Local/Temp/alt8679_3769222847202814551.dir/0008_pio_2_gen//ltc5548_sys_pio_2_component_configuration.pl  --do_build_sim=0  ]
Info: pio_2: Done RTL generation for module 'ltc5548_sys_pio_2'
Info: pio_2: "ltc5548_sys" instantiated altera_avalon_pio "pio_2"
Info: pio_3: Starting RTL generation for module 'ltc5548_sys_pio_3'
Info: pio_3:   Generation command is [exec C:/intelfpga_lite/20.1/quartus/bin64/perl/bin/perl.exe -I C:/intelfpga_lite/20.1/quartus/bin64/perl/lib -I C:/intelfpga_lite/20.1/quartus/sopc_builder/bin/europa -I C:/intelfpga_lite/20.1/quartus/sopc_builder/bin -I C:/intelfpga_lite/20.1/quartus/../ip/altera/sopc_builder_ip/common -I C:/intelfpga_lite/20.1/quartus/../ip/altera/sopc_builder_ip/altera_avalon_pio -- C:/intelfpga_lite/20.1/quartus/../ip/altera/sopc_builder_ip/altera_avalon_pio/generate_rtl.pl --name=ltc5548_sys_pio_3 --dir=C:/Users/giova/AppData/Local/Temp/alt8679_3769222847202814551.dir/0009_pio_3_gen/ --quartus_dir=C:/intelfpga_lite/20.1/quartus --verilog --config=C:/Users/giova/AppData/Local/Temp/alt8679_3769222847202814551.dir/0009_pio_3_gen//ltc5548_sys_pio_3_component_configuration.pl  --do_build_sim=0  ]
Info: pio_3: Done RTL generation for module 'ltc5548_sys_pio_3'
Info: pio_3: "ltc5548_sys" instantiated altera_avalon_pio "pio_3"
Info: spi_0: Starting RTL generation for module 'ltc5548_sys_spi_0'
Info: spi_0:   Generation command is [exec C:/intelfpga_lite/20.1/quartus/bin64/perl/bin/perl.exe -I C:/intelfpga_lite/20.1/quartus/bin64/perl/lib -I C:/intelfpga_lite/20.1/quartus/sopc_builder/bin/europa -I C:/intelfpga_lite/20.1/quartus/sopc_builder/bin -I C:/intelfpga_lite/20.1/quartus/../ip/altera/sopc_builder_ip/common -I C:/intelfpga_lite/20.1/quartus/../ip/altera/sopc_builder_ip/altera_avalon_spi -- C:/intelfpga_lite/20.1/quartus/../ip/altera/sopc_builder_ip/altera_avalon_spi/generate_rtl.pl --name=ltc5548_sys_spi_0 --dir=C:/Users/giova/AppData/Local/Temp/alt8679_3769222847202814551.dir/0010_spi_0_gen/ --quartus_dir=C:/intelfpga_lite/20.1/quartus --verilog --config=C:/Users/giova/AppData/Local/Temp/alt8679_3769222847202814551.dir/0010_spi_0_gen//ltc5548_sys_spi_0_component_configuration.pl  --do_build_sim=0  ]
Info: spi_0: Done RTL generation for module 'ltc5548_sys_spi_0'
Info: spi_0: "ltc5548_sys" instantiated altera_avalon_spi "spi_0"
Info: timer_0: Starting RTL generation for module 'ltc5548_sys_timer_0'
Info: timer_0:   Generation command is [exec C:/intelFPGA_lite/20.1/quartus/bin64//perl/bin/perl.exe -I C:/intelFPGA_lite/20.1/quartus/bin64//perl/lib -I C:/intelfpga_lite/20.1/quartus/sopc_builder/bin/europa -I C:/intelfpga_lite/20.1/quartus/sopc_builder/bin -I C:/intelfpga_lite/20.1/quartus/../ip/altera/sopc_builder_ip/common -I C:/intelfpga_lite/20.1/quartus/../ip/altera/sopc_builder_ip/altera_avalon_timer -- C:/intelfpga_lite/20.1/quartus/../ip/altera/sopc_builder_ip/altera_avalon_timer/generate_rtl.pl --name=ltc5548_sys_timer_0 --dir=C:/Users/giova/AppData/Local/Temp/alt8679_3769222847202814551.dir/0011_timer_0_gen/ --quartus_dir=C:/intelfpga_lite/20.1/quartus --verilog --config=C:/Users/giova/AppData/Local/Temp/alt8679_3769222847202814551.dir/0011_timer_0_gen//ltc5548_sys_timer_0_component_configuration.pl  --do_build_sim=0  ]
Info: timer_0: Done RTL generation for module 'ltc5548_sys_timer_0'
Info: timer_0: "ltc5548_sys" instantiated altera_avalon_timer "timer_0"
Info: avalon_st_adapter: Inserting error_adapter: error_adapter_0
Info: avalon_st_adapter_001: Inserting error_adapter: error_adapter_0
Info: avalon_st_adapter_002: Inserting error_adapter: error_adapter_0
Info: avalon_st_adapter_003: Inserting error_adapter: error_adapter_0
Info: avalon_st_adapter_004: Inserting error_adapter: error_adapter_0
Info: avalon_st_adapter_005: Inserting error_adapter: error_adapter_0
Info: avalon_st_adapter_006: Inserting error_adapter: error_adapter_0
Info: avalon_st_adapter_007: Inserting error_adapter: error_adapter_0
Info: avalon_st_adapter_008: Inserting error_adapter: error_adapter_0
Info: mm_interconnect_0: "ltc5548_sys" instantiated altera_mm_interconnect "mm_interconnect_0"
Info: irq_mapper: "ltc5548_sys" instantiated altera_irq_mapper "irq_mapper"
Info: rst_controller: "ltc5548_sys" instantiated altera_reset_controller "rst_controller"
Info: Reusing file C:/Salukat/Purificador/SoftwareDevelopment/Max_10_NEEK/LTC5548/ltc5548_sys/synthesis/submodules/altera_reset_controller.v
Info: Reusing file C:/Salukat/Purificador/SoftwareDevelopment/Max_10_NEEK/LTC5548/ltc5548_sys/synthesis/submodules/altera_reset_synchronizer.v
Info: Reusing file C:/Salukat/Purificador/SoftwareDevelopment/Max_10_NEEK/LTC5548/ltc5548_sys/synthesis/submodules/altera_reset_controller.sdc
Info: cpu: Starting RTL generation for module 'ltc5548_sys_nios2_gen2_0_cpu'
Info: cpu:   Generation command is [exec C:/intelFPGA_lite/20.1/quartus/bin64//perl/bin/perl.exe -I C:/intelFPGA_lite/20.1/quartus/bin64//perl/lib -I C:/intelfpga_lite/20.1/quartus/sopc_builder/bin/europa -I C:/intelfpga_lite/20.1/quartus/sopc_builder/bin -I C:/intelfpga_lite/20.1/quartus/../ip/altera/nios2_ip/altera_nios2_gen2/cpu_lib -I C:/intelfpga_lite/20.1/quartus/../ip/altera/nios2_ip/altera_nios2_gen2/nios_lib -I C:/intelfpga_lite/20.1/quartus/../ip/altera/nios2_ip/altera_nios2_gen2 -I C:/intelfpga_lite/20.1/quartus/../ip/altera/nios2_ip/altera_nios2_gen2 -- C:/intelfpga_lite/20.1/quartus/../ip/altera/nios2_ip/altera_nios2_gen2/generate_rtl.pl --name=ltc5548_sys_nios2_gen2_0_cpu --dir=C:/Users/giova/AppData/Local/Temp/alt8679_3769222847202814551.dir/0014_cpu_gen/ --quartus_bindir=C:/intelFPGA_lite/20.1/quartus/bin64/ --verilog --config=C:/Users/giova/AppData/Local/Temp/alt8679_3769222847202814551.dir/0014_cpu_gen//ltc5548_sys_nios2_gen2_0_cpu_processor_configuration.pl  --do_build_sim=0  ]
Info: cpu: # 2021.02.21 21:19:15 (*) Starting Nios II generation
Info: cpu: # 2021.02.21 21:19:15 (*)   Elaborating CPU configuration settings
Info: cpu: # 2021.02.21 21:19:15 (*)   Creating all objects for CPU
Info: cpu: # 2021.02.21 21:19:16 (*)   Generating RTL from CPU objects
Info: cpu: # 2021.02.21 21:19:16 (*)   Creating plain-text RTL
Info: cpu: # 2021.02.21 21:19:17 (*) Done Nios II generation
Info: cpu: Done RTL generation for module 'ltc5548_sys_nios2_gen2_0_cpu'
Info: cpu: "nios2_gen2_0" instantiated altera_nios2_gen2_unit "cpu"
Info: nios2_gen2_0_data_master_translator: "mm_interconnect_0" instantiated altera_merlin_master_translator "nios2_gen2_0_data_master_translator"
Info: jtag_uart_0_avalon_jtag_slave_translator: "mm_interconnect_0" instantiated altera_merlin_slave_translator "jtag_uart_0_avalon_jtag_slave_translator"
Info: nios2_gen2_0_data_master_agent: "mm_interconnect_0" instantiated altera_merlin_master_agent "nios2_gen2_0_data_master_agent"
Info: jtag_uart_0_avalon_jtag_slave_agent: "mm_interconnect_0" instantiated altera_merlin_slave_agent "jtag_uart_0_avalon_jtag_slave_agent"
Info: jtag_uart_0_avalon_jtag_slave_agent_rsp_fifo: "mm_interconnect_0" instantiated altera_avalon_sc_fifo "jtag_uart_0_avalon_jtag_slave_agent_rsp_fifo"
Info: router: "mm_interconnect_0" instantiated altera_merlin_router "router"
Info: router_001: "mm_interconnect_0" instantiated altera_merlin_router "router_001"
Info: router_002: "mm_interconnect_0" instantiated altera_merlin_router "router_002"
Info: router_009: "mm_interconnect_0" instantiated altera_merlin_router "router_009"
Info: cmd_demux: "mm_interconnect_0" instantiated altera_merlin_demultiplexer "cmd_demux"
Info: cmd_demux_001: "mm_interconnect_0" instantiated altera_merlin_demultiplexer "cmd_demux_001"
Info: cmd_mux: "mm_interconnect_0" instantiated altera_merlin_multiplexer "cmd_mux"
Info: cmd_mux_007: "mm_interconnect_0" instantiated altera_merlin_multiplexer "cmd_mux_007"
Info: Reusing file C:/Salukat/Purificador/SoftwareDevelopment/Max_10_NEEK/LTC5548/ltc5548_sys/synthesis/submodules/altera_merlin_arbitrator.sv
Info: rsp_demux: "mm_interconnect_0" instantiated altera_merlin_demultiplexer "rsp_demux"
Info: rsp_demux_007: "mm_interconnect_0" instantiated altera_merlin_demultiplexer "rsp_demux_007"
Info: rsp_mux: "mm_interconnect_0" instantiated altera_merlin_multiplexer "rsp_mux"
Info: Reusing file C:/Salukat/Purificador/SoftwareDevelopment/Max_10_NEEK/LTC5548/ltc5548_sys/synthesis/submodules/altera_merlin_arbitrator.sv
Info: rsp_mux_001: "mm_interconnect_0" instantiated altera_merlin_multiplexer "rsp_mux_001"
Info: Reusing file C:/Salukat/Purificador/SoftwareDevelopment/Max_10_NEEK/LTC5548/ltc5548_sys/synthesis/submodules/altera_merlin_arbitrator.sv
Info: avalon_st_adapter: "mm_interconnect_0" instantiated altera_avalon_st_adapter "avalon_st_adapter"
Info: error_adapter_0: "avalon_st_adapter" instantiated error_adapter "error_adapter_0"
Info: ltc5548_sys: Done "ltc5548_sys" with 35 modules, 267 files
Info: qsys-generate succeeded.
Info: Finished: Create HDL design files for synthesis
