Flow report for LMX2694
Sun Feb 07 20:35:11 2021
Quartus Prime Version 20.1.0 Build 711 06/05/2020 SJ Lite Edition


---------------------
; Table of Contents ;
---------------------
  1. Legal Notice
  2. Flow Summary
  3. Flow Settings
  4. Flow Non-Default Global Settings
  5. Flow Elapsed Time
  6. Flow OS Summary
  7. Flow Log
  8. Flow Messages
  9. Flow Suppressed Messages



----------------
; Legal Notice ;
----------------
Copyright (C) 2020  Intel Corporation. All rights reserved.
Your use of Intel Corporation's design tools, logic functions 
and other software and tools, and any partner logic 
functions, and any output files from any of the foregoing 
(including device programming or simulation files), and any 
associated documentation or information are expressly subject 
to the terms and conditions of the Intel Program License 
Subscription Agreement, the Intel Quartus Prime License Agreement,
the Intel FPGA IP License Agreement, or other applicable license
agreement, including, without limitation, that your use is for
the sole purpose of programming logic devices manufactured by
Intel and sold by Intel or its authorized distributors.  Please
refer to the applicable agreement for further details, at
https://fpgasoftware.intel.com/eula.



+----------------------------------------------------------------------------------+
; Flow Summary                                                                     ;
+------------------------------------+---------------------------------------------+
; Flow Status                        ; Successful - Sun Feb 07 20:35:02 2021       ;
; Quartus Prime Version              ; 20.1.0 Build 711 06/05/2020 SJ Lite Edition ;
; Revision Name                      ; LMX2694                                     ;
; Top-level Entity Name              ; LMX2694                                     ;
; Family                             ; MAX 10                                      ;
; Device                             ; 10M50DAF484C6GES                            ;
; Timing Models                      ; Preliminary                                 ;
; Total logic elements               ; 2,093 / 49,760 ( 4 % )                      ;
;     Total combinational functions  ; 1,915 / 49,760 ( 4 % )                      ;
;     Dedicated logic registers      ; 1,198 / 49,760 ( 2 % )                      ;
; Total registers                    ; 1198                                        ;
; Total pins                         ; 108 / 360 ( 30 % )                          ;
; Total virtual pins                 ; 0                                           ;
; Total memory bits                  ; 1,059,840 / 1,677,312 ( 63 % )              ;
; Embedded Multiplier 9-bit elements ; 0 / 288 ( 0 % )                             ;
; Total PLLs                         ; 1 / 4 ( 25 % )                              ;
; UFM blocks                         ; 0 / 1 ( 0 % )                               ;
; ADC blocks                         ; 0 / 2 ( 0 % )                               ;
+------------------------------------+---------------------------------------------+


+-----------------------------------------+
; Flow Settings                           ;
+-------------------+---------------------+
; Option            ; Setting             ;
+-------------------+---------------------+
; Start date & time ; 02/07/2021 20:32:56 ;
; Main task         ; Compilation         ;
; Revision Name     ; LMX2694             ;
+-------------------+---------------------+


+---------------------------------------------------------------------------------------------------------------------------------------------+
; Flow Non-Default Global Settings                                                                                                            ;
+-------------------------------------+------------------------------------------------------------+---------------+-------------+------------+
; Assignment Name                     ; Value                                                      ; Default Value ; Entity Name ; Section Id ;
+-------------------------------------+------------------------------------------------------------+---------------+-------------+------------+
; COMPILER_SIGNATURE_ID               ; 220837864969264.161272637604324                            ; --            ; --          ; --         ;
; MAX_CORE_JUNCTION_TEMP              ; 85                                                         ; --            ; --          ; --         ;
; MIN_CORE_JUNCTION_TEMP              ; 0                                                          ; --            ; --          ; --         ;
; MISC_FILE                           ; nios_cpu/synthesis/../nios_cpu.cmp                         ; --            ; --          ; --         ;
; MISC_FILE                           ; nios_cpu/synthesis/../../nios_cpu.qsys                     ; --            ; --          ; --         ;
; MISC_FILE                           ; pll100MHz_bb.v                                             ; --            ; --          ; --         ;
; MISC_FILE                           ; pll100MHz.ppf                                              ; --            ; --          ; --         ;
; MISC_FILE                           ; counter_bb.v                                               ; --            ; --          ; --         ;
; PARTITION_COLOR                     ; -- (Not supported for targeted family)                     ; --            ; --          ; Top        ;
; PARTITION_FITTER_PRESERVATION_LEVEL ; -- (Not supported for targeted family)                     ; --            ; --          ; Top        ;
; PARTITION_NETLIST_TYPE              ; -- (Not supported for targeted family)                     ; --            ; --          ; Top        ;
; POWER_BOARD_THERMAL_MODEL           ; None (CONSERVATIVE)                                        ; --            ; --          ; --         ;
; POWER_PRESET_COOLING_SOLUTION       ; 23 MM HEAT SINK WITH 200 LFPM AIRFLOW                      ; --            ; --          ; --         ;
; SLD_FILE                            ; nios_cpu/synthesis/nios_cpu.regmap                         ; --            ; --          ; --         ;
; SLD_FILE                            ; nios_cpu/synthesis/nios_cpu.debuginfo                      ; --            ; --          ; --         ;
; SLD_INFO                            ; QSYS_NAME nios_cpu HAS_SOPCINFO 1 GENERATION_ID 1612700404 ; --            ; nios_cpu    ; --         ;
; SOPCINFO_FILE                       ; nios_cpu/synthesis/../../nios_cpu.sopcinfo                 ; --            ; --          ; --         ;
; SYNTHESIS_ONLY_QIP                  ; On                                                         ; --            ; --          ; --         ;
+-------------------------------------+------------------------------------------------------------+---------------+-------------+------------+


+--------------------------------------------------------------------------------------------------------------------------+
; Flow Elapsed Time                                                                                                        ;
+----------------------+--------------+-------------------------+---------------------+------------------------------------+
; Module Name          ; Elapsed Time ; Average Processors Used ; Peak Virtual Memory ; Total CPU Time (on all processors) ;
+----------------------+--------------+-------------------------+---------------------+------------------------------------+
; Analysis & Synthesis ; 00:01:08     ; 1.0                     ; 4924 MB             ; 00:01:13                           ;
; Fitter               ; 00:00:34     ; 1.5                     ; 5979 MB             ; 00:00:46                           ;
; Assembler            ; 00:00:05     ; 1.0                     ; 4702 MB             ; 00:00:04                           ;
; Timing Analyzer      ; 00:00:07     ; 2.2                     ; 4904 MB             ; 00:00:11                           ;
; Total                ; 00:01:54     ; --                      ; --                  ; 00:02:14                           ;
+----------------------+--------------+-------------------------+---------------------+------------------------------------+


+------------------------------------------------------------------------------------+
; Flow OS Summary                                                                    ;
+----------------------+------------------+------------+------------+----------------+
; Module Name          ; Machine Hostname ; OS Name    ; OS Version ; Processor type ;
+----------------------+------------------+------------+------------+----------------+
; Analysis & Synthesis ; DESKTOP-F6HDU1B  ; Windows 10 ; 10.0       ; x86_64         ;
; Fitter               ; DESKTOP-F6HDU1B  ; Windows 10 ; 10.0       ; x86_64         ;
; Assembler            ; DESKTOP-F6HDU1B  ; Windows 10 ; 10.0       ; x86_64         ;
; Timing Analyzer      ; DESKTOP-F6HDU1B  ; Windows 10 ; 10.0       ; x86_64         ;
+----------------------+------------------+------------+------------+----------------+


------------
; Flow Log ;
------------
quartus_map --read_settings_files=on --write_settings_files=off LMX2694 -c LMX2694
quartus_fit --read_settings_files=off --write_settings_files=off LMX2694 -c LMX2694
quartus_asm --read_settings_files=off --write_settings_files=off LMX2694 -c LMX2694
quartus_sta LMX2694 -c LMX2694



