Info: Starting: Create block symbol file (.bsf)
Info: qsys-generate C:\Salukat\Purificador\SoftwareDevelopment\Max_10_NEEK\ADC_Converter\anain2_converter.qsys --block-symbol-file --output-directory=C:\Salukat\Purificador\SoftwareDevelopment\Max_10_NEEK\ADC_Converter\anain2_converter --family="MAX 10" --part=10M50DAF484C6GES
Progress: Loading ADC_Converter/anain2_converter.qsys
Progress: Reading input file
Progress: Adding modular_adc_0 [altera_modular_adc 20.1]
Progress: Parameterizing module modular_adc_0
Progress: Building connections
Progress: Parameterizing connections
Progress: Validating
Progress: Done reading input file
Info: qsys-generate succeeded.
Info: Finished: Create block symbol file (.bsf)
Info: 
Info: Starting: Create HDL design files for synthesis
Info: qsys-generate C:\Salukat\Purificador\SoftwareDevelopment\Max_10_NEEK\ADC_Converter\anain2_converter.qsys --synthesis=VERILOG --output-directory=C:\Salukat\Purificador\SoftwareDevelopment\Max_10_NEEK\ADC_Converter\anain2_converter\synthesis --family="MAX 10" --part=10M50DAF484C6GES
Progress: Loading ADC_Converter/anain2_converter.qsys
Progress: Reading input file
Progress: Adding modular_adc_0 [altera_modular_adc 20.1]
Progress: Parameterizing module modular_adc_0
Progress: Building connections
Progress: Parameterizing connections
Progress: Validating
Progress: Done reading input file
Info: anain2_converter: Generating anain2_converter "anain2_converter" for QUARTUS_SYNTH
Info: modular_adc_0: "anain2_converter" instantiated altera_modular_adc "modular_adc_0"
Info: control_internal: "modular_adc_0" instantiated altera_modular_adc_control "control_internal"
Info: anain2_converter: Done "anain2_converter" with 3 modules, 9 files
Info: qsys-generate succeeded.
Info: Finished: Create HDL design files for synthesis
